[2021-07-30 09:35:44] flarum.ERROR: GuzzleHttp\Exception\RequestException: cURL error 60: SSL certificate problem: unable to get local issuer certificate (see https://curl.haxx.se/libcurl/c/libcurl-errors.html) for https://test.laragroup.uz/oauth/token in D:\projectssss\smart software\flarum_app\vendor\guzzlehttp\guzzle\src\Handler\CurlFactory.php:211
Stack trace:
#0 D:\projectssss\smart software\flarum_app\vendor\guzzlehttp\guzzle\src\Handler\CurlFactory.php(158): GuzzleHttp\Handler\CurlFactory::createRejection(Object(GuzzleHttp\Handler\EasyHandle), Array)
#1 D:\projectssss\smart software\flarum_app\vendor\guzzlehttp\guzzle\src\Handler\CurlFactory.php(110): GuzzleHttp\Handler\CurlFactory::finishError(Object(GuzzleHttp\Handler\CurlHandler), Object(GuzzleHttp\Handler\EasyHandle), Object(GuzzleHttp\Handler\CurlFactory))
#2 D:\projectssss\smart software\flarum_app\vendor\guzzlehttp\guzzle\src\Handler\CurlHandler.php(47): GuzzleHttp\Handler\CurlFactory::finish(Object(GuzzleHttp\Handler\CurlHandler), Object(GuzzleHttp\Handler\EasyHandle), Object(GuzzleHttp\Handler\CurlFactory))
#3 D:\projectssss\smart software\flarum_app\vendor\guzzlehttp\guzzle\src\Handler\Proxy.php(28): GuzzleHttp\Handler\CurlHandler->__invoke(Object(GuzzleHttp\Psr7\Request), Array)
#4 D:\projectssss\smart software\flarum_app\vendor\guzzlehttp\guzzle\src\Handler\Proxy.php(48): GuzzleHttp\Handler\Proxy::GuzzleHttp\Handler\{closure}(Object(GuzzleHttp\Psr7\Request), Array)
#5 D:\projectssss\smart software\flarum_app\vendor\guzzlehttp\guzzle\src\PrepareBodyMiddleware.php(64): GuzzleHttp\Handler\Proxy::GuzzleHttp\Handler\{closure}(Object(GuzzleHttp\Psr7\Request), Array)
#6 D:\projectssss\smart software\flarum_app\vendor\guzzlehttp\guzzle\src\Middleware.php(31): GuzzleHttp\PrepareBodyMiddleware->__invoke(Object(GuzzleHttp\Psr7\Request), Array)
#7 D:\projectssss\smart software\flarum_app\vendor\guzzlehttp\guzzle\src\RedirectMiddleware.php(71): GuzzleHttp\Middleware::GuzzleHttp\{closure}(Object(GuzzleHttp\Psr7\Request), Array)
#8 D:\projectssss\smart software\flarum_app\vendor\guzzlehttp\guzzle\src\Middleware.php(63): GuzzleHttp\RedirectMiddleware->__invoke(Object(GuzzleHttp\Psr7\Request), Array)
#9 D:\projectssss\smart software\flarum_app\vendor\guzzlehttp\guzzle\src\HandlerStack.php(75): GuzzleHttp\Middleware::GuzzleHttp\{closure}(Object(GuzzleHttp\Psr7\Request), Array)
#10 D:\projectssss\smart software\flarum_app\vendor\guzzlehttp\guzzle\src\Client.php(331): GuzzleHttp\HandlerStack->__invoke(Object(GuzzleHttp\Psr7\Request), Array)
#11 D:\projectssss\smart software\flarum_app\vendor\guzzlehttp\guzzle\src\Client.php(107): GuzzleHttp\Client->transfer(Object(GuzzleHttp\Psr7\Request), Array)
#12 D:\projectssss\smart software\flarum_app\vendor\guzzlehttp\guzzle\src\Client.php(123): GuzzleHttp\Client->sendAsync(Object(GuzzleHttp\Psr7\Request), Array)
#13 D:\projectssss\smart software\flarum_app\vendor\league\oauth2-client\src\Provider\AbstractProvider.php(608): GuzzleHttp\Client->send(Object(GuzzleHttp\Psr7\Request))
#14 D:\projectssss\smart software\flarum_app\vendor\league\oauth2-client\src\Provider\AbstractProvider.php(621): League\OAuth2\Client\Provider\AbstractProvider->getResponse(Object(GuzzleHttp\Psr7\Request))
#15 D:\projectssss\smart software\flarum_app\vendor\league\oauth2-client\src\Provider\AbstractProvider.php(537): League\OAuth2\Client\Provider\AbstractProvider->getParsedResponse(Object(GuzzleHttp\Psr7\Request))
#16 D:\projectssss\smart software\flarum_app\vendor\fof\passport\src\Controllers\PassportController.php(85): League\OAuth2\Client\Provider\AbstractProvider->getAccessToken(Object(League\OAuth2\Client\Grant\AuthorizationCode), Array)
#17 D:\projectssss\smart software\flarum_app\vendor\flarum\core\src\Http\RouteHandlerFactory.php(41): FoF\Passport\Controllers\PassportController->handle(Object(Laminas\Diactoros\ServerRequest))
#18 D:\projectssss\smart software\flarum_app\vendor\flarum\core\src\Http\Middleware\ExecuteRoute.php(27): Flarum\Http\RouteHandlerFactory->Flarum\Http\{closure}(Object(Laminas\Diactoros\ServerRequest), Array)
#19 D:\projectssss\smart software\flarum_app\vendor\laminas\laminas-stratigility\src\Next.php(51): Flarum\Http\Middleware\ExecuteRoute->process(Object(Laminas\Diactoros\ServerRequest), Object(Closure))
#20 D:\projectssss\smart software\flarum_app\vendor\flarum\core\src\Http\Middleware\ContentTypeOptionsHeader.php(21): Laminas\Stratigility\Next->handle(Object(Laminas\Diactoros\ServerRequest))
#21 D:\projectssss\smart software\flarum_app\vendor\laminas\laminas-stratigility\src\Next.php(51): Flarum\Http\Middleware\ContentTypeOptionsHeader->process(Object(Laminas\Diactoros\ServerRequest), Object(Laminas\Stratigility\Next))
#22 D:\projectssss\smart software\flarum_app\vendor\flarum\core\src\Http\Middleware\ReferrerPolicyHeader.php(30): Laminas\Stratigility\Next->handle(Object(Laminas\Diactoros\ServerRequest))
#23 D:\projectssss\smart software\flarum_app\vendor\laminas\laminas-stratigility\src\Next.php(51): Flarum\Http\Middleware\ReferrerPolicyHeader->process(Object(Laminas\Diactoros\ServerRequest), Object(Laminas\Stratigility\Next))
#24 D:\projectssss\smart software\flarum_app\vendor\flarum\core\src\Http\Middleware\FlarumPromotionHeader.php(30): Laminas\Stratigility\Next->handle(Object(Laminas\Diactoros\ServerRequest))
#25 D:\projectssss\smart software\flarum_app\vendor\laminas\laminas-stratigility\src\Next.php(51): Flarum\Http\Middleware\FlarumPromotionHeader->process(Object(Laminas\Diactoros\ServerRequest), Object(Laminas\Stratigility\Next))
#26 D:\projectssss\smart software\flarum_app\vendor\flarum\core\src\Http\Middleware\ShareErrorsFromSession.php(57): Laminas\Stratigility\Next->handle(Object(Laminas\Diactoros\ServerRequest))
#27 D:\projectssss\smart software\flarum_app\vendor\laminas\laminas-stratigility\src\Next.php(51): Flarum\Http\Middleware\ShareErrorsFromSession->process(Object(Laminas\Diactoros\ServerRequest), Object(Laminas\Stratigility\Next))
#28 D:\projectssss\smart software\flarum_app\vendor\flarum\core\src\Http\Middleware\CheckCsrfToken.php(36): Laminas\Stratigility\Next->handle(Object(Laminas\Diactoros\ServerRequest))
#29 D:\projectssss\smart software\flarum_app\vendor\laminas\laminas-stratigility\src\Next.php(51): Flarum\Http\Middleware\CheckCsrfToken->process(Object(Laminas\Diactoros\ServerRequest), Object(Laminas\Stratigility\Next))
#30 D:\projectssss\smart software\flarum_app\vendor\flarum\core\src\Http\Middleware\ResolveRoute.php(67): Laminas\Stratigility\Next->handle(Object(Laminas\Diactoros\ServerRequest))
#31 D:\projectssss\smart software\flarum_app\vendor\laminas\laminas-stratigility\src\Next.php(51): Flarum\Http\Middleware\ResolveRoute->process(Object(Laminas\Diactoros\ServerRequest), Object(Laminas\Stratigility\Next))
#32 D:\projectssss\smart software\flarum_app\vendor\flarum\core\src\Http\Middleware\SetLocale.php(51): Laminas\Stratigility\Next->handle(Object(Laminas\Diactoros\ServerRequest))
#33 D:\projectssss\smart software\flarum_app\vendor\laminas\laminas-stratigility\src\Next.php(51): Flarum\Http\Middleware\SetLocale->process(Object(Laminas\Diactoros\ServerRequest), Object(Laminas\Stratigility\Next))
#34 D:\projectssss\smart software\flarum_app\vendor\flarum\core\src\Http\Middleware\AuthenticateWithSession.php(31): Laminas\Stratigility\Next->handle(Object(Laminas\Diactoros\ServerRequest))
#35 D:\projectssss\smart software\flarum_app\vendor\laminas\laminas-stratigility\src\Next.php(51): Flarum\Http\Middleware\AuthenticateWithSession->process(Object(Laminas\Diactoros\ServerRequest), Object(Laminas\Stratigility\Next))
#36 D:\projectssss\smart software\flarum_app\vendor\flarum\core\src\Http\Middleware\RememberFromCookie.php(52): Laminas\Stratigility\Next->handle(Object(Laminas\Diactoros\ServerRequest))
#37 D:\projectssss\smart software\flarum_app\vendor\laminas\laminas-stratigility\src\Next.php(51): Flarum\Http\Middleware\RememberFromCookie->process(Object(Laminas\Diactoros\ServerRequest), Object(Laminas\Stratigility\Next))
#38 D:\projectssss\smart software\flarum_app\vendor\flarum\core\src\Http\Middleware\StartSession.php(61): Laminas\Stratigility\Next->handle(Object(Laminas\Diactoros\ServerRequest))
#39 D:\projectssss\smart software\flarum_app\vendor\laminas\laminas-stratigility\src\Next.php(51): Flarum\Http\Middleware\StartSession->process(Object(Laminas\Diactoros\ServerRequest), Object(Laminas\Stratigility\Next))
#40 D:\projectssss\smart software\flarum_app\vendor\flarum\core\src\Http\Middleware\CollectGarbage.php(46): Laminas\Stratigility\Next->handle(Object(Laminas\Diactoros\ServerRequest))
#41 D:\projectssss\smart software\flarum_app\vendor\laminas\laminas-stratigility\src\Next.php(51): Flarum\Http\Middleware\CollectGarbage->process(Object(Laminas\Diactoros\ServerRequest), Object(Laminas\Stratigility\Next))
#42 D:\projectssss\smart software\flarum_app\vendor\flarum\core\src\Http\Middleware\ParseJsonBody.php(28): Laminas\Stratigility\Next->handle(Object(Laminas\Diactoros\ServerRequest))
#43 D:\projectssss\smart software\flarum_app\vendor\laminas\laminas-stratigility\src\Next.php(51): Flarum\Http\Middleware\ParseJsonBody->process(Object(Laminas\Diactoros\ServerRequest), Object(Laminas\Stratigility\Next))
#44 D:\projectssss\smart software\flarum_app\vendor\flarum\core\src\Http\Middleware\HandleErrors.php(57): Laminas\Stratigility\Next->handle(Object(Laminas\Diactoros\ServerRequest))
#45 D:\projectssss\smart software\flarum_app\vendor\laminas\laminas-stratigility\src\Next.php(51): Flarum\Http\Middleware\HandleErrors->process(Object(Laminas\Diactoros\ServerRequest), Object(Laminas\Stratigility\Next))
#46 D:\projectssss\smart software\flarum_app\vendor\flarum\core\src\Http\Middleware\InjectActorReference.php(25): Laminas\Stratigility\Next->handle(Object(Laminas\Diactoros\ServerRequest))
#47 D:\projectssss\smart software\flarum_app\vendor\laminas\laminas-stratigility\src\Next.php(51): Flarum\Http\Middleware\InjectActorReference->process(Object(Laminas\Diactoros\ServerRequest), Object(Laminas\Stratigility\Next))
#48 D:\projectssss\smart software\flarum_app\vendor\laminas\laminas-stratigility\src\MiddlewarePipe.php(76): Laminas\Stratigility\Next->handle(Object(Laminas\Diactoros\ServerRequest))
#49 D:\projectssss\smart software\flarum_app\vendor\middlewares\request-handler\src\RequestHandler.php(84): Laminas\Stratigility\MiddlewarePipe->process(Object(Laminas\Diactoros\ServerRequest), Object(Laminas\Stratigility\Next))
#50 D:\projectssss\smart software\flarum_app\vendor\laminas\laminas-stratigility\src\Next.php(51): Middlewares\RequestHandler->process(Object(Laminas\Diactoros\ServerRequest), Object(Laminas\Stratigility\Next))
#51 D:\projectssss\smart software\flarum_app\vendor\middlewares\base-path-router\src\BasePathRouter.php(101): Laminas\Stratigility\Next->handle(Object(Laminas\Diactoros\ServerRequest))
#52 D:\projectssss\smart software\flarum_app\vendor\laminas\laminas-stratigility\src\Next.php(51): Middlewares\BasePathRouter->process(Object(Laminas\Diactoros\ServerRequest), Object(Laminas\Stratigility\Next))
#53 D:\projectssss\smart software\flarum_app\vendor\laminas\laminas-stratigility\src\Middleware\OriginalMessages.php(36): Laminas\Stratigility\Next->handle(Object(Laminas\Diactoros\ServerRequest))
#54 D:\projectssss\smart software\flarum_app\vendor\laminas\laminas-stratigility\src\Next.php(51): Laminas\Stratigility\Middleware\OriginalMessages->process(Object(Laminas\Diactoros\ServerRequest), Object(Laminas\Stratigility\Next))
#55 D:\projectssss\smart software\flarum_app\vendor\middlewares\base-path\src\BasePath.php(73): Laminas\Stratigility\Next->handle(Object(Laminas\Diactoros\ServerRequest))
#56 D:\projectssss\smart software\flarum_app\vendor\laminas\laminas-stratigility\src\Next.php(51): Middlewares\BasePath->process(Object(Laminas\Diactoros\ServerRequest), Object(Laminas\Stratigility\Next))
#57 D:\projectssss\smart software\flarum_app\vendor\flarum\core\src\Http\Middleware\ProcessIp.php(24): Laminas\Stratigility\Next->handle(Object(Laminas\Diactoros\ServerRequest))
#58 D:\projectssss\smart software\flarum_app\vendor\laminas\laminas-stratigility\src\Next.php(51): Flarum\Http\Middleware\ProcessIp->process(Object(Laminas\Diactoros\ServerRequest), Object(Laminas\Stratigility\Next))
#59 D:\projectssss\smart software\flarum_app\vendor\laminas\laminas-stratigility\src\MiddlewarePipe.php(76): Laminas\Stratigility\Next->handle(Object(Laminas\Diactoros\ServerRequest))
#60 D:\projectssss\smart software\flarum_app\vendor\laminas\laminas-stratigility\src\MiddlewarePipe.php(65): Laminas\Stratigility\MiddlewarePipe->process(Object(Laminas\Diactoros\ServerRequest), Object(Laminas\Stratigility\EmptyPipelineHandler))
#61 D:\projectssss\smart software\flarum_app\vendor\laminas\laminas-httphandlerrunner\src\RequestHandlerRunner.php(96): Laminas\Stratigility\MiddlewarePipe->handle(Object(Laminas\Diactoros\ServerRequest))
#62 D:\projectssss\smart software\flarum_app\vendor\flarum\core\src\Http\Server.php(44): Laminas\HttpHandlerRunner\RequestHandlerRunner->run()
#63 D:\projectssss\smart software\flarum_app\public\index.php(26): Flarum\Http\Server->listen()
#64 {main}  
[2021-07-30 09:36:49] flarum.ERROR: GuzzleHttp\Exception\RequestException: cURL error 60: SSL certificate problem: unable to get local issuer certificate (see https://curl.haxx.se/libcurl/c/libcurl-errors.html) for https://test.laragroup.uz/oauth/token in D:\projectssss\smart software\flarum_app\vendor\guzzlehttp\guzzle\src\Handler\CurlFactory.php:211
Stack trace:
#0 D:\projectssss\smart software\flarum_app\vendor\guzzlehttp\guzzle\src\Handler\CurlFactory.php(158): GuzzleHttp\Handler\CurlFactory::createRejection(Object(GuzzleHttp\Handler\EasyHandle), Array)
#1 D:\projectssss\smart software\flarum_app\vendor\guzzlehttp\guzzle\src\Handler\CurlFactory.php(110): GuzzleHttp\Handler\CurlFactory::finishError(Object(GuzzleHttp\Handler\CurlHandler), Object(GuzzleHttp\Handler\EasyHandle), Object(GuzzleHttp\Handler\CurlFactory))
#2 D:\projectssss\smart software\flarum_app\vendor\guzzlehttp\guzzle\src\Handler\CurlHandler.php(47): GuzzleHttp\Handler\CurlFactory::finish(Object(GuzzleHttp\Handler\CurlHandler), Object(GuzzleHttp\Handler\EasyHandle), Object(GuzzleHttp\Handler\CurlFactory))
#3 D:\projectssss\smart software\flarum_app\vendor\guzzlehttp\guzzle\src\Handler\Proxy.php(28): GuzzleHttp\Handler\CurlHandler->__invoke(Object(GuzzleHttp\Psr7\Request), Array)
#4 D:\projectssss\smart software\flarum_app\vendor\guzzlehttp\guzzle\src\Handler\Proxy.php(48): GuzzleHttp\Handler\Proxy::GuzzleHttp\Handler\{closure}(Object(GuzzleHttp\Psr7\Request), Array)
#5 D:\projectssss\smart software\flarum_app\vendor\guzzlehttp\guzzle\src\PrepareBodyMiddleware.php(64): GuzzleHttp\Handler\Proxy::GuzzleHttp\Handler\{closure}(Object(GuzzleHttp\Psr7\Request), Array)
#6 D:\projectssss\smart software\flarum_app\vendor\guzzlehttp\guzzle\src\Middleware.php(31): GuzzleHttp\PrepareBodyMiddleware->__invoke(Object(GuzzleHttp\Psr7\Request), Array)
#7 D:\projectssss\smart software\flarum_app\vendor\guzzlehttp\guzzle\src\RedirectMiddleware.php(71): GuzzleHttp\Middleware::GuzzleHttp\{closure}(Object(GuzzleHttp\Psr7\Request), Array)
#8 D:\projectssss\smart software\flarum_app\vendor\guzzlehttp\guzzle\src\Middleware.php(63): GuzzleHttp\RedirectMiddleware->__invoke(Object(GuzzleHttp\Psr7\Request), Array)
#9 D:\projectssss\smart software\flarum_app\vendor\guzzlehttp\guzzle\src\HandlerStack.php(75): GuzzleHttp\Middleware::GuzzleHttp\{closure}(Object(GuzzleHttp\Psr7\Request), Array)
#10 D:\projectssss\smart software\flarum_app\vendor\guzzlehttp\guzzle\src\Client.php(331): GuzzleHttp\HandlerStack->__invoke(Object(GuzzleHttp\Psr7\Request), Array)
#11 D:\projectssss\smart software\flarum_app\vendor\guzzlehttp\guzzle\src\Client.php(107): GuzzleHttp\Client->transfer(Object(GuzzleHttp\Psr7\Request), Array)
#12 D:\projectssss\smart software\flarum_app\vendor\guzzlehttp\guzzle\src\Client.php(123): GuzzleHttp\Client->sendAsync(Object(GuzzleHttp\Psr7\Request), Array)
#13 D:\projectssss\smart software\flarum_app\vendor\league\oauth2-client\src\Provider\AbstractProvider.php(608): GuzzleHttp\Client->send(Object(GuzzleHttp\Psr7\Request))
#14 D:\projectssss\smart software\flarum_app\vendor\league\oauth2-client\src\Provider\AbstractProvider.php(621): League\OAuth2\Client\Provider\AbstractProvider->getResponse(Object(GuzzleHttp\Psr7\Request))
#15 D:\projectssss\smart software\flarum_app\vendor\league\oauth2-client\src\Provider\AbstractProvider.php(537): League\OAuth2\Client\Provider\AbstractProvider->getParsedResponse(Object(GuzzleHttp\Psr7\Request))
#16 D:\projectssss\smart software\flarum_app\vendor\fof\passport\src\Controllers\PassportController.php(85): League\OAuth2\Client\Provider\AbstractProvider->getAccessToken(Object(League\OAuth2\Client\Grant\AuthorizationCode), Array)
#17 D:\projectssss\smart software\flarum_app\vendor\flarum\core\src\Http\RouteHandlerFactory.php(41): FoF\Passport\Controllers\PassportController->handle(Object(Laminas\Diactoros\ServerRequest))
#18 D:\projectssss\smart software\flarum_app\vendor\flarum\core\src\Http\Middleware\ExecuteRoute.php(27): Flarum\Http\RouteHandlerFactory->Flarum\Http\{closure}(Object(Laminas\Diactoros\ServerRequest), Array)
#19 D:\projectssss\smart software\flarum_app\vendor\laminas\laminas-stratigility\src\Next.php(51): Flarum\Http\Middleware\ExecuteRoute->process(Object(Laminas\Diactoros\ServerRequest), Object(Closure))
#20 D:\projectssss\smart software\flarum_app\vendor\flarum\core\src\Http\Middleware\ContentTypeOptionsHeader.php(21): Laminas\Stratigility\Next->handle(Object(Laminas\Diactoros\ServerRequest))
#21 D:\projectssss\smart software\flarum_app\vendor\laminas\laminas-stratigility\src\Next.php(51): Flarum\Http\Middleware\ContentTypeOptionsHeader->process(Object(Laminas\Diactoros\ServerRequest), Object(Laminas\Stratigility\Next))
#22 D:\projectssss\smart software\flarum_app\vendor\flarum\core\src\Http\Middleware\ReferrerPolicyHeader.php(30): Laminas\Stratigility\Next->handle(Object(Laminas\Diactoros\ServerRequest))
#23 D:\projectssss\smart software\flarum_app\vendor\laminas\laminas-stratigility\src\Next.php(51): Flarum\Http\Middleware\ReferrerPolicyHeader->process(Object(Laminas\Diactoros\ServerRequest), Object(Laminas\Stratigility\Next))
#24 D:\projectssss\smart software\flarum_app\vendor\flarum\core\src\Http\Middleware\FlarumPromotionHeader.php(30): Laminas\Stratigility\Next->handle(Object(Laminas\Diactoros\ServerRequest))
#25 D:\projectssss\smart software\flarum_app\vendor\laminas\laminas-stratigility\src\Next.php(51): Flarum\Http\Middleware\FlarumPromotionHeader->process(Object(Laminas\Diactoros\ServerRequest), Object(Laminas\Stratigility\Next))
#26 D:\projectssss\smart software\flarum_app\vendor\flarum\core\src\Http\Middleware\ShareErrorsFromSession.php(57): Laminas\Stratigility\Next->handle(Object(Laminas\Diactoros\ServerRequest))
#27 D:\projectssss\smart software\flarum_app\vendor\laminas\laminas-stratigility\src\Next.php(51): Flarum\Http\Middleware\ShareErrorsFromSession->process(Object(Laminas\Diactoros\ServerRequest), Object(Laminas\Stratigility\Next))
#28 D:\projectssss\smart software\flarum_app\vendor\flarum\core\src\Http\Middleware\CheckCsrfToken.php(36): Laminas\Stratigility\Next->handle(Object(Laminas\Diactoros\ServerRequest))
#29 D:\projectssss\smart software\flarum_app\vendor\laminas\laminas-stratigility\src\Next.php(51): Flarum\Http\Middleware\CheckCsrfToken->process(Object(Laminas\Diactoros\ServerRequest), Object(Laminas\Stratigility\Next))
#30 D:\projectssss\smart software\flarum_app\vendor\flarum\core\src\Http\Middleware\ResolveRoute.php(67): Laminas\Stratigility\Next->handle(Object(Laminas\Diactoros\ServerRequest))
#31 D:\projectssss\smart software\flarum_app\vendor\laminas\laminas-stratigility\src\Next.php(51): Flarum\Http\Middleware\ResolveRoute->process(Object(Laminas\Diactoros\ServerRequest), Object(Laminas\Stratigility\Next))
#32 D:\projectssss\smart software\flarum_app\vendor\flarum\core\src\Http\Middleware\SetLocale.php(51): Laminas\Stratigility\Next->handle(Object(Laminas\Diactoros\ServerRequest))
#33 D:\projectssss\smart software\flarum_app\vendor\laminas\laminas-stratigility\src\Next.php(51): Flarum\Http\Middleware\SetLocale->process(Object(Laminas\Diactoros\ServerRequest), Object(Laminas\Stratigility\Next))
#34 D:\projectssss\smart software\flarum_app\vendor\flarum\core\src\Http\Middleware\AuthenticateWithSession.php(31): Laminas\Stratigility\Next->handle(Object(Laminas\Diactoros\ServerRequest))
#35 D:\projectssss\smart software\flarum_app\vendor\laminas\laminas-stratigility\src\Next.php(51): Flarum\Http\Middleware\AuthenticateWithSession->process(Object(Laminas\Diactoros\ServerRequest), Object(Laminas\Stratigility\Next))
#36 D:\projectssss\smart software\flarum_app\vendor\flarum\core\src\Http\Middleware\RememberFromCookie.php(52): Laminas\Stratigility\Next->handle(Object(Laminas\Diactoros\ServerRequest))
#37 D:\projectssss\smart software\flarum_app\vendor\laminas\laminas-stratigility\src\Next.php(51): Flarum\Http\Middleware\RememberFromCookie->process(Object(Laminas\Diactoros\ServerRequest), Object(Laminas\Stratigility\Next))
#38 D:\projectssss\smart software\flarum_app\vendor\flarum\core\src\Http\Middleware\StartSession.php(61): Laminas\Stratigility\Next->handle(Object(Laminas\Diactoros\ServerRequest))
#39 D:\projectssss\smart software\flarum_app\vendor\laminas\laminas-stratigility\src\Next.php(51): Flarum\Http\Middleware\StartSession->process(Object(Laminas\Diactoros\ServerRequest), Object(Laminas\Stratigility\Next))
#40 D:\projectssss\smart software\flarum_app\vendor\flarum\core\src\Http\Middleware\CollectGarbage.php(46): Laminas\Stratigility\Next->handle(Object(Laminas\Diactoros\ServerRequest))
#41 D:\projectssss\smart software\flarum_app\vendor\laminas\laminas-stratigility\src\Next.php(51): Flarum\Http\Middleware\CollectGarbage->process(Object(Laminas\Diactoros\ServerRequest), Object(Laminas\Stratigility\Next))
#42 D:\projectssss\smart software\flarum_app\vendor\flarum\core\src\Http\Middleware\ParseJsonBody.php(28): Laminas\Stratigility\Next->handle(Object(Laminas\Diactoros\ServerRequest))
#43 D:\projectssss\smart software\flarum_app\vendor\laminas\laminas-stratigility\src\Next.php(51): Flarum\Http\Middleware\ParseJsonBody->process(Object(Laminas\Diactoros\ServerRequest), Object(Laminas\Stratigility\Next))
#44 D:\projectssss\smart software\flarum_app\vendor\flarum\core\src\Http\Middleware\HandleErrors.php(57): Laminas\Stratigility\Next->handle(Object(Laminas\Diactoros\ServerRequest))
#45 D:\projectssss\smart software\flarum_app\vendor\laminas\laminas-stratigility\src\Next.php(51): Flarum\Http\Middleware\HandleErrors->process(Object(Laminas\Diactoros\ServerRequest), Object(Laminas\Stratigility\Next))
#46 D:\projectssss\smart software\flarum_app\vendor\flarum\core\src\Http\Middleware\InjectActorReference.php(25): Laminas\Stratigility\Next->handle(Object(Laminas\Diactoros\ServerRequest))
#47 D:\projectssss\smart software\flarum_app\vendor\laminas\laminas-stratigility\src\Next.php(51): Flarum\Http\Middleware\InjectActorReference->process(Object(Laminas\Diactoros\ServerRequest), Object(Laminas\Stratigility\Next))
#48 D:\projectssss\smart software\flarum_app\vendor\laminas\laminas-stratigility\src\MiddlewarePipe.php(76): Laminas\Stratigility\Next->handle(Object(Laminas\Diactoros\ServerRequest))
#49 D:\projectssss\smart software\flarum_app\vendor\middlewares\request-handler\src\RequestHandler.php(84): Laminas\Stratigility\MiddlewarePipe->process(Object(Laminas\Diactoros\ServerRequest), Object(Laminas\Stratigility\Next))
#50 D:\projectssss\smart software\flarum_app\vendor\laminas\laminas-stratigility\src\Next.php(51): Middlewares\RequestHandler->process(Object(Laminas\Diactoros\ServerRequest), Object(Laminas\Stratigility\Next))
#51 D:\projectssss\smart software\flarum_app\vendor\middlewares\base-path-router\src\BasePathRouter.php(101): Laminas\Stratigility\Next->handle(Object(Laminas\Diactoros\ServerRequest))
#52 D:\projectssss\smart software\flarum_app\vendor\laminas\laminas-stratigility\src\Next.php(51): Middlewares\BasePathRouter->process(Object(Laminas\Diactoros\ServerRequest), Object(Laminas\Stratigility\Next))
#53 D:\projectssss\smart software\flarum_app\vendor\laminas\laminas-stratigility\src\Middleware\OriginalMessages.php(36): Laminas\Stratigility\Next->handle(Object(Laminas\Diactoros\ServerRequest))
#54 D:\projectssss\smart software\flarum_app\vendor\laminas\laminas-stratigility\src\Next.php(51): Laminas\Stratigility\Middleware\OriginalMessages->process(Object(Laminas\Diactoros\ServerRequest), Object(Laminas\Stratigility\Next))
#55 D:\projectssss\smart software\flarum_app\vendor\middlewares\base-path\src\BasePath.php(73): Laminas\Stratigility\Next->handle(Object(Laminas\Diactoros\ServerRequest))
#56 D:\projectssss\smart software\flarum_app\vendor\laminas\laminas-stratigility\src\Next.php(51): Middlewares\BasePath->process(Object(Laminas\Diactoros\ServerRequest), Object(Laminas\Stratigility\Next))
#57 D:\projectssss\smart software\flarum_app\vendor\flarum\core\src\Http\Middleware\ProcessIp.php(24): Laminas\Stratigility\Next->handle(Object(Laminas\Diactoros\ServerRequest))
#58 D:\projectssss\smart software\flarum_app\vendor\laminas\laminas-stratigility\src\Next.php(51): Flarum\Http\Middleware\ProcessIp->process(Object(Laminas\Diactoros\ServerRequest), Object(Laminas\Stratigility\Next))
#59 D:\projectssss\smart software\flarum_app\vendor\laminas\laminas-stratigility\src\MiddlewarePipe.php(76): Laminas\Stratigility\Next->handle(Object(Laminas\Diactoros\ServerRequest))
#60 D:\projectssss\smart software\flarum_app\vendor\laminas\laminas-stratigility\src\MiddlewarePipe.php(65): Laminas\Stratigility\MiddlewarePipe->process(Object(Laminas\Diactoros\ServerRequest), Object(Laminas\Stratigility\EmptyPipelineHandler))
#61 D:\projectssss\smart software\flarum_app\vendor\laminas\laminas-httphandlerrunner\src\RequestHandlerRunner.php(96): Laminas\Stratigility\MiddlewarePipe->handle(Object(Laminas\Diactoros\ServerRequest))
#62 D:\projectssss\smart software\flarum_app\vendor\flarum\core\src\Http\Server.php(44): Laminas\HttpHandlerRunner\RequestHandlerRunner->run()
#63 D:\projectssss\smart software\flarum_app\public\index.php(26): Flarum\Http\Server->listen()
#64 {main}  
[2021-07-30 09:44:53] flarum.ERROR: GuzzleHttp\Exception\RequestException: cURL error 60: SSL certificate problem: unable to get local issuer certificate (see https://curl.haxx.se/libcurl/c/libcurl-errors.html) for https://test.laragroup.uz/oauth/token in D:\projectssss\smart software\flarum_app\vendor\guzzlehttp\guzzle\src\Handler\CurlFactory.php:211
Stack trace:
#0 D:\projectssss\smart software\flarum_app\vendor\guzzlehttp\guzzle\src\Handler\CurlFactory.php(158): GuzzleHttp\Handler\CurlFactory::createRejection(Object(GuzzleHttp\Handler\EasyHandle), Array)
#1 D:\projectssss\smart software\flarum_app\vendor\guzzlehttp\guzzle\src\Handler\CurlFactory.php(110): GuzzleHttp\Handler\CurlFactory::finishError(Object(GuzzleHttp\Handler\CurlHandler), Object(GuzzleHttp\Handler\EasyHandle), Object(GuzzleHttp\Handler\CurlFactory))
#2 D:\projectssss\smart software\flarum_app\vendor\guzzlehttp\guzzle\src\Handler\CurlHandler.php(47): GuzzleHttp\Handler\CurlFactory::finish(Object(GuzzleHttp\Handler\CurlHandler), Object(GuzzleHttp\Handler\EasyHandle), Object(GuzzleHttp\Handler\CurlFactory))
#3 D:\projectssss\smart software\flarum_app\vendor\guzzlehttp\guzzle\src\Handler\Proxy.php(28): GuzzleHttp\Handler\CurlHandler->__invoke(Object(GuzzleHttp\Psr7\Request), Array)
#4 D:\projectssss\smart software\flarum_app\vendor\guzzlehttp\guzzle\src\Handler\Proxy.php(48): GuzzleHttp\Handler\Proxy::GuzzleHttp\Handler\{closure}(Object(GuzzleHttp\Psr7\Request), Array)
#5 D:\projectssss\smart software\flarum_app\vendor\guzzlehttp\guzzle\src\PrepareBodyMiddleware.php(64): GuzzleHttp\Handler\Proxy::GuzzleHttp\Handler\{closure}(Object(GuzzleHttp\Psr7\Request), Array)
#6 D:\projectssss\smart software\flarum_app\vendor\guzzlehttp\guzzle\src\Middleware.php(31): GuzzleHttp\PrepareBodyMiddleware->__invoke(Object(GuzzleHttp\Psr7\Request), Array)
#7 D:\projectssss\smart software\flarum_app\vendor\guzzlehttp\guzzle\src\RedirectMiddleware.php(71): GuzzleHttp\Middleware::GuzzleHttp\{closure}(Object(GuzzleHttp\Psr7\Request), Array)
#8 D:\projectssss\smart software\flarum_app\vendor\guzzlehttp\guzzle\src\Middleware.php(63): GuzzleHttp\RedirectMiddleware->__invoke(Object(GuzzleHttp\Psr7\Request), Array)
#9 D:\projectssss\smart software\flarum_app\vendor\guzzlehttp\guzzle\src\HandlerStack.php(75): GuzzleHttp\Middleware::GuzzleHttp\{closure}(Object(GuzzleHttp\Psr7\Request), Array)
#10 D:\projectssss\smart software\flarum_app\vendor\guzzlehttp\guzzle\src\Client.php(331): GuzzleHttp\HandlerStack->__invoke(Object(GuzzleHttp\Psr7\Request), Array)
#11 D:\projectssss\smart software\flarum_app\vendor\guzzlehttp\guzzle\src\Client.php(107): GuzzleHttp\Client->transfer(Object(GuzzleHttp\Psr7\Request), Array)
#12 D:\projectssss\smart software\flarum_app\vendor\guzzlehttp\guzzle\src\Client.php(123): GuzzleHttp\Client->sendAsync(Object(GuzzleHttp\Psr7\Request), Array)
#13 D:\projectssss\smart software\flarum_app\vendor\league\oauth2-client\src\Provider\AbstractProvider.php(608): GuzzleHttp\Client->send(Object(GuzzleHttp\Psr7\Request))
#14 D:\projectssss\smart software\flarum_app\vendor\league\oauth2-client\src\Provider\AbstractProvider.php(621): League\OAuth2\Client\Provider\AbstractProvider->getResponse(Object(GuzzleHttp\Psr7\Request))
#15 D:\projectssss\smart software\flarum_app\vendor\league\oauth2-client\src\Provider\AbstractProvider.php(537): League\OAuth2\Client\Provider\AbstractProvider->getParsedResponse(Object(GuzzleHttp\Psr7\Request))
#16 D:\projectssss\smart software\flarum_app\vendor\fof\passport\src\Controllers\PassportController.php(85): League\OAuth2\Client\Provider\AbstractProvider->getAccessToken(Object(League\OAuth2\Client\Grant\AuthorizationCode), Array)
#17 D:\projectssss\smart software\flarum_app\vendor\flarum\core\src\Http\RouteHandlerFactory.php(41): FoF\Passport\Controllers\PassportController->handle(Object(Laminas\Diactoros\ServerRequest))
#18 D:\projectssss\smart software\flarum_app\vendor\flarum\core\src\Http\Middleware\ExecuteRoute.php(27): Flarum\Http\RouteHandlerFactory->Flarum\Http\{closure}(Object(Laminas\Diactoros\ServerRequest), Array)
#19 D:\projectssss\smart software\flarum_app\vendor\laminas\laminas-stratigility\src\Next.php(51): Flarum\Http\Middleware\ExecuteRoute->process(Object(Laminas\Diactoros\ServerRequest), Object(Closure))
#20 D:\projectssss\smart software\flarum_app\vendor\flarum\core\src\Http\Middleware\ContentTypeOptionsHeader.php(21): Laminas\Stratigility\Next->handle(Object(Laminas\Diactoros\ServerRequest))
#21 D:\projectssss\smart software\flarum_app\vendor\laminas\laminas-stratigility\src\Next.php(51): Flarum\Http\Middleware\ContentTypeOptionsHeader->process(Object(Laminas\Diactoros\ServerRequest), Object(Laminas\Stratigility\Next))
#22 D:\projectssss\smart software\flarum_app\vendor\flarum\core\src\Http\Middleware\ReferrerPolicyHeader.php(30): Laminas\Stratigility\Next->handle(Object(Laminas\Diactoros\ServerRequest))
#23 D:\projectssss\smart software\flarum_app\vendor\laminas\laminas-stratigility\src\Next.php(51): Flarum\Http\Middleware\ReferrerPolicyHeader->process(Object(Laminas\Diactoros\ServerRequest), Object(Laminas\Stratigility\Next))
#24 D:\projectssss\smart software\flarum_app\vendor\flarum\core\src\Http\Middleware\FlarumPromotionHeader.php(30): Laminas\Stratigility\Next->handle(Object(Laminas\Diactoros\ServerRequest))
#25 D:\projectssss\smart software\flarum_app\vendor\laminas\laminas-stratigility\src\Next.php(51): Flarum\Http\Middleware\FlarumPromotionHeader->process(Object(Laminas\Diactoros\ServerRequest), Object(Laminas\Stratigility\Next))
#26 D:\projectssss\smart software\flarum_app\vendor\flarum\core\src\Http\Middleware\ShareErrorsFromSession.php(57): Laminas\Stratigility\Next->handle(Object(Laminas\Diactoros\ServerRequest))
#27 D:\projectssss\smart software\flarum_app\vendor\laminas\laminas-stratigility\src\Next.php(51): Flarum\Http\Middleware\ShareErrorsFromSession->process(Object(Laminas\Diactoros\ServerRequest), Object(Laminas\Stratigility\Next))
#28 D:\projectssss\smart software\flarum_app\vendor\flarum\core\src\Http\Middleware\CheckCsrfToken.php(36): Laminas\Stratigility\Next->handle(Object(Laminas\Diactoros\ServerRequest))
#29 D:\projectssss\smart software\flarum_app\vendor\laminas\laminas-stratigility\src\Next.php(51): Flarum\Http\Middleware\CheckCsrfToken->process(Object(Laminas\Diactoros\ServerRequest), Object(Laminas\Stratigility\Next))
#30 D:\projectssss\smart software\flarum_app\vendor\flarum\core\src\Http\Middleware\ResolveRoute.php(67): Laminas\Stratigility\Next->handle(Object(Laminas\Diactoros\ServerRequest))
#31 D:\projectssss\smart software\flarum_app\vendor\laminas\laminas-stratigility\src\Next.php(51): Flarum\Http\Middleware\ResolveRoute->process(Object(Laminas\Diactoros\ServerRequest), Object(Laminas\Stratigility\Next))
#32 D:\projectssss\smart software\flarum_app\vendor\flarum\core\src\Http\Middleware\SetLocale.php(51): Laminas\Stratigility\Next->handle(Object(Laminas\Diactoros\ServerRequest))
#33 D:\projectssss\smart software\flarum_app\vendor\laminas\laminas-stratigility\src\Next.php(51): Flarum\Http\Middleware\SetLocale->process(Object(Laminas\Diactoros\ServerRequest), Object(Laminas\Stratigility\Next))
#34 D:\projectssss\smart software\flarum_app\vendor\flarum\core\src\Http\Middleware\AuthenticateWithSession.php(31): Laminas\Stratigility\Next->handle(Object(Laminas\Diactoros\ServerRequest))
#35 D:\projectssss\smart software\flarum_app\vendor\laminas\laminas-stratigility\src\Next.php(51): Flarum\Http\Middleware\AuthenticateWithSession->process(Object(Laminas\Diactoros\ServerRequest), Object(Laminas\Stratigility\Next))
#36 D:\projectssss\smart software\flarum_app\vendor\flarum\core\src\Http\Middleware\RememberFromCookie.php(52): Laminas\Stratigility\Next->handle(Object(Laminas\Diactoros\ServerRequest))
#37 D:\projectssss\smart software\flarum_app\vendor\laminas\laminas-stratigility\src\Next.php(51): Flarum\Http\Middleware\RememberFromCookie->process(Object(Laminas\Diactoros\ServerRequest), Object(Laminas\Stratigility\Next))
#38 D:\projectssss\smart software\flarum_app\vendor\flarum\core\src\Http\Middleware\StartSession.php(61): Laminas\Stratigility\Next->handle(Object(Laminas\Diactoros\ServerRequest))
#39 D:\projectssss\smart software\flarum_app\vendor\laminas\laminas-stratigility\src\Next.php(51): Flarum\Http\Middleware\StartSession->process(Object(Laminas\Diactoros\ServerRequest), Object(Laminas\Stratigility\Next))
#40 D:\projectssss\smart software\flarum_app\vendor\flarum\core\src\Http\Middleware\CollectGarbage.php(46): Laminas\Stratigility\Next->handle(Object(Laminas\Diactoros\ServerRequest))
#41 D:\projectssss\smart software\flarum_app\vendor\laminas\laminas-stratigility\src\Next.php(51): Flarum\Http\Middleware\CollectGarbage->process(Object(Laminas\Diactoros\ServerRequest), Object(Laminas\Stratigility\Next))
#42 D:\projectssss\smart software\flarum_app\vendor\flarum\core\src\Http\Middleware\ParseJsonBody.php(28): Laminas\Stratigility\Next->handle(Object(Laminas\Diactoros\ServerRequest))
#43 D:\projectssss\smart software\flarum_app\vendor\laminas\laminas-stratigility\src\Next.php(51): Flarum\Http\Middleware\ParseJsonBody->process(Object(Laminas\Diactoros\ServerRequest), Object(Laminas\Stratigility\Next))
#44 D:\projectssss\smart software\flarum_app\vendor\flarum\core\src\Http\Middleware\HandleErrors.php(57): Laminas\Stratigility\Next->handle(Object(Laminas\Diactoros\ServerRequest))
#45 D:\projectssss\smart software\flarum_app\vendor\laminas\laminas-stratigility\src\Next.php(51): Flarum\Http\Middleware\HandleErrors->process(Object(Laminas\Diactoros\ServerRequest), Object(Laminas\Stratigility\Next))
#46 D:\projectssss\smart software\flarum_app\vendor\flarum\core\src\Http\Middleware\InjectActorReference.php(25): Laminas\Stratigility\Next->handle(Object(Laminas\Diactoros\ServerRequest))
#47 D:\projectssss\smart software\flarum_app\vendor\laminas\laminas-stratigility\src\Next.php(51): Flarum\Http\Middleware\InjectActorReference->process(Object(Laminas\Diactoros\ServerRequest), Object(Laminas\Stratigility\Next))
#48 D:\projectssss\smart software\flarum_app\vendor\laminas\laminas-stratigility\src\MiddlewarePipe.php(76): Laminas\Stratigility\Next->handle(Object(Laminas\Diactoros\ServerRequest))
#49 D:\projectssss\smart software\flarum_app\vendor\middlewares\request-handler\src\RequestHandler.php(84): Laminas\Stratigility\MiddlewarePipe->process(Object(Laminas\Diactoros\ServerRequest), Object(Laminas\Stratigility\Next))
#50 D:\projectssss\smart software\flarum_app\vendor\laminas\laminas-stratigility\src\Next.php(51): Middlewares\RequestHandler->process(Object(Laminas\Diactoros\ServerRequest), Object(Laminas\Stratigility\Next))
#51 D:\projectssss\smart software\flarum_app\vendor\middlewares\base-path-router\src\BasePathRouter.php(101): Laminas\Stratigility\Next->handle(Object(Laminas\Diactoros\ServerRequest))
#52 D:\projectssss\smart software\flarum_app\vendor\laminas\laminas-stratigility\src\Next.php(51): Middlewares\BasePathRouter->process(Object(Laminas\Diactoros\ServerRequest), Object(Laminas\Stratigility\Next))
#53 D:\projectssss\smart software\flarum_app\vendor\laminas\laminas-stratigility\src\Middleware\OriginalMessages.php(36): Laminas\Stratigility\Next->handle(Object(Laminas\Diactoros\ServerRequest))
#54 D:\projectssss\smart software\flarum_app\vendor\laminas\laminas-stratigility\src\Next.php(51): Laminas\Stratigility\Middleware\OriginalMessages->process(Object(Laminas\Diactoros\ServerRequest), Object(Laminas\Stratigility\Next))
#55 D:\projectssss\smart software\flarum_app\vendor\middlewares\base-path\src\BasePath.php(73): Laminas\Stratigility\Next->handle(Object(Laminas\Diactoros\ServerRequest))
#56 D:\projectssss\smart software\flarum_app\vendor\laminas\laminas-stratigility\src\Next.php(51): Middlewares\BasePath->process(Object(Laminas\Diactoros\ServerRequest), Object(Laminas\Stratigility\Next))
#57 D:\projectssss\smart software\flarum_app\vendor\flarum\core\src\Http\Middleware\ProcessIp.php(24): Laminas\Stratigility\Next->handle(Object(Laminas\Diactoros\ServerRequest))
#58 D:\projectssss\smart software\flarum_app\vendor\laminas\laminas-stratigility\src\Next.php(51): Flarum\Http\Middleware\ProcessIp->process(Object(Laminas\Diactoros\ServerRequest), Object(Laminas\Stratigility\Next))
#59 D:\projectssss\smart software\flarum_app\vendor\laminas\laminas-stratigility\src\MiddlewarePipe.php(76): Laminas\Stratigility\Next->handle(Object(Laminas\Diactoros\ServerRequest))
#60 D:\projectssss\smart software\flarum_app\vendor\laminas\laminas-stratigility\src\MiddlewarePipe.php(65): Laminas\Stratigility\MiddlewarePipe->process(Object(Laminas\Diactoros\ServerRequest), Object(Laminas\Stratigility\EmptyPipelineHandler))
#61 D:\projectssss\smart software\flarum_app\vendor\laminas\laminas-httphandlerrunner\src\RequestHandlerRunner.php(96): Laminas\Stratigility\MiddlewarePipe->handle(Object(Laminas\Diactoros\ServerRequest))
#62 D:\projectssss\smart software\flarum_app\vendor\flarum\core\src\Http\Server.php(44): Laminas\HttpHandlerRunner\RequestHandlerRunner->run()
#63 D:\projectssss\smart software\flarum_app\public\index.php(26): Flarum\Http\Server->listen()
#64 {main}  
[2021-07-30 09:46:42] flarum.ERROR: GuzzleHttp\Exception\RequestException: cURL error 60: SSL certificate problem: unable to get local issuer certificate (see https://curl.haxx.se/libcurl/c/libcurl-errors.html) for https://test.laragroup.uz/oauth/token in D:\projectssss\smart software\flarum_app\vendor\guzzlehttp\guzzle\src\Handler\CurlFactory.php:211
Stack trace:
#0 D:\projectssss\smart software\flarum_app\vendor\guzzlehttp\guzzle\src\Handler\CurlFactory.php(158): GuzzleHttp\Handler\CurlFactory::createRejection(Object(GuzzleHttp\Handler\EasyHandle), Array)
#1 D:\projectssss\smart software\flarum_app\vendor\guzzlehttp\guzzle\src\Handler\CurlFactory.php(110): GuzzleHttp\Handler\CurlFactory::finishError(Object(GuzzleHttp\Handler\CurlHandler), Object(GuzzleHttp\Handler\EasyHandle), Object(GuzzleHttp\Handler\CurlFactory))
#2 D:\projectssss\smart software\flarum_app\vendor\guzzlehttp\guzzle\src\Handler\CurlHandler.php(47): GuzzleHttp\Handler\CurlFactory::finish(Object(GuzzleHttp\Handler\CurlHandler), Object(GuzzleHttp\Handler\EasyHandle), Object(GuzzleHttp\Handler\CurlFactory))
#3 D:\projectssss\smart software\flarum_app\vendor\guzzlehttp\guzzle\src\Handler\Proxy.php(28): GuzzleHttp\Handler\CurlHandler->__invoke(Object(GuzzleHttp\Psr7\Request), Array)
#4 D:\projectssss\smart software\flarum_app\vendor\guzzlehttp\guzzle\src\Handler\Proxy.php(48): GuzzleHttp\Handler\Proxy::GuzzleHttp\Handler\{closure}(Object(GuzzleHttp\Psr7\Request), Array)
#5 D:\projectssss\smart software\flarum_app\vendor\guzzlehttp\guzzle\src\PrepareBodyMiddleware.php(64): GuzzleHttp\Handler\Proxy::GuzzleHttp\Handler\{closure}(Object(GuzzleHttp\Psr7\Request), Array)
#6 D:\projectssss\smart software\flarum_app\vendor\guzzlehttp\guzzle\src\Middleware.php(31): GuzzleHttp\PrepareBodyMiddleware->__invoke(Object(GuzzleHttp\Psr7\Request), Array)
#7 D:\projectssss\smart software\flarum_app\vendor\guzzlehttp\guzzle\src\RedirectMiddleware.php(71): GuzzleHttp\Middleware::GuzzleHttp\{closure}(Object(GuzzleHttp\Psr7\Request), Array)
#8 D:\projectssss\smart software\flarum_app\vendor\guzzlehttp\guzzle\src\Middleware.php(63): GuzzleHttp\RedirectMiddleware->__invoke(Object(GuzzleHttp\Psr7\Request), Array)
#9 D:\projectssss\smart software\flarum_app\vendor\guzzlehttp\guzzle\src\HandlerStack.php(75): GuzzleHttp\Middleware::GuzzleHttp\{closure}(Object(GuzzleHttp\Psr7\Request), Array)
#10 D:\projectssss\smart software\flarum_app\vendor\guzzlehttp\guzzle\src\Client.php(331): GuzzleHttp\HandlerStack->__invoke(Object(GuzzleHttp\Psr7\Request), Array)
#11 D:\projectssss\smart software\flarum_app\vendor\guzzlehttp\guzzle\src\Client.php(107): GuzzleHttp\Client->transfer(Object(GuzzleHttp\Psr7\Request), Array)
#12 D:\projectssss\smart software\flarum_app\vendor\guzzlehttp\guzzle\src\Client.php(123): GuzzleHttp\Client->sendAsync(Object(GuzzleHttp\Psr7\Request), Array)
#13 D:\projectssss\smart software\flarum_app\vendor\league\oauth2-client\src\Provider\AbstractProvider.php(608): GuzzleHttp\Client->send(Object(GuzzleHttp\Psr7\Request))
#14 D:\projectssss\smart software\flarum_app\vendor\league\oauth2-client\src\Provider\AbstractProvider.php(621): League\OAuth2\Client\Provider\AbstractProvider->getResponse(Object(GuzzleHttp\Psr7\Request))
#15 D:\projectssss\smart software\flarum_app\vendor\league\oauth2-client\src\Provider\AbstractProvider.php(537): League\OAuth2\Client\Provider\AbstractProvider->getParsedResponse(Object(GuzzleHttp\Psr7\Request))
#16 D:\projectssss\smart software\flarum_app\vendor\fof\passport\src\Controllers\PassportController.php(85): League\OAuth2\Client\Provider\AbstractProvider->getAccessToken(Object(League\OAuth2\Client\Grant\AuthorizationCode), Array)
#17 D:\projectssss\smart software\flarum_app\vendor\flarum\core\src\Http\RouteHandlerFactory.php(41): FoF\Passport\Controllers\PassportController->handle(Object(Laminas\Diactoros\ServerRequest))
#18 D:\projectssss\smart software\flarum_app\vendor\flarum\core\src\Http\Middleware\ExecuteRoute.php(27): Flarum\Http\RouteHandlerFactory->Flarum\Http\{closure}(Object(Laminas\Diactoros\ServerRequest), Array)
#19 D:\projectssss\smart software\flarum_app\vendor\laminas\laminas-stratigility\src\Next.php(51): Flarum\Http\Middleware\ExecuteRoute->process(Object(Laminas\Diactoros\ServerRequest), Object(Closure))
#20 D:\projectssss\smart software\flarum_app\vendor\flarum\core\src\Http\Middleware\ContentTypeOptionsHeader.php(21): Laminas\Stratigility\Next->handle(Object(Laminas\Diactoros\ServerRequest))
#21 D:\projectssss\smart software\flarum_app\vendor\laminas\laminas-stratigility\src\Next.php(51): Flarum\Http\Middleware\ContentTypeOptionsHeader->process(Object(Laminas\Diactoros\ServerRequest), Object(Laminas\Stratigility\Next))
#22 D:\projectssss\smart software\flarum_app\vendor\flarum\core\src\Http\Middleware\ReferrerPolicyHeader.php(30): Laminas\Stratigility\Next->handle(Object(Laminas\Diactoros\ServerRequest))
#23 D:\projectssss\smart software\flarum_app\vendor\laminas\laminas-stratigility\src\Next.php(51): Flarum\Http\Middleware\ReferrerPolicyHeader->process(Object(Laminas\Diactoros\ServerRequest), Object(Laminas\Stratigility\Next))
#24 D:\projectssss\smart software\flarum_app\vendor\flarum\core\src\Http\Middleware\FlarumPromotionHeader.php(30): Laminas\Stratigility\Next->handle(Object(Laminas\Diactoros\ServerRequest))
#25 D:\projectssss\smart software\flarum_app\vendor\laminas\laminas-stratigility\src\Next.php(51): Flarum\Http\Middleware\FlarumPromotionHeader->process(Object(Laminas\Diactoros\ServerRequest), Object(Laminas\Stratigility\Next))
#26 D:\projectssss\smart software\flarum_app\vendor\flarum\core\src\Http\Middleware\ShareErrorsFromSession.php(57): Laminas\Stratigility\Next->handle(Object(Laminas\Diactoros\ServerRequest))
#27 D:\projectssss\smart software\flarum_app\vendor\laminas\laminas-stratigility\src\Next.php(51): Flarum\Http\Middleware\ShareErrorsFromSession->process(Object(Laminas\Diactoros\ServerRequest), Object(Laminas\Stratigility\Next))
#28 D:\projectssss\smart software\flarum_app\vendor\flarum\core\src\Http\Middleware\CheckCsrfToken.php(36): Laminas\Stratigility\Next->handle(Object(Laminas\Diactoros\ServerRequest))
#29 D:\projectssss\smart software\flarum_app\vendor\laminas\laminas-stratigility\src\Next.php(51): Flarum\Http\Middleware\CheckCsrfToken->process(Object(Laminas\Diactoros\ServerRequest), Object(Laminas\Stratigility\Next))
#30 D:\projectssss\smart software\flarum_app\vendor\flarum\core\src\Http\Middleware\ResolveRoute.php(67): Laminas\Stratigility\Next->handle(Object(Laminas\Diactoros\ServerRequest))
#31 D:\projectssss\smart software\flarum_app\vendor\laminas\laminas-stratigility\src\Next.php(51): Flarum\Http\Middleware\ResolveRoute->process(Object(Laminas\Diactoros\ServerRequest), Object(Laminas\Stratigility\Next))
#32 D:\projectssss\smart software\flarum_app\vendor\flarum\core\src\Http\Middleware\SetLocale.php(51): Laminas\Stratigility\Next->handle(Object(Laminas\Diactoros\ServerRequest))
#33 D:\projectssss\smart software\flarum_app\vendor\laminas\laminas-stratigility\src\Next.php(51): Flarum\Http\Middleware\SetLocale->process(Object(Laminas\Diactoros\ServerRequest), Object(Laminas\Stratigility\Next))
#34 D:\projectssss\smart software\flarum_app\vendor\flarum\core\src\Http\Middleware\AuthenticateWithSession.php(31): Laminas\Stratigility\Next->handle(Object(Laminas\Diactoros\ServerRequest))
#35 D:\projectssss\smart software\flarum_app\vendor\laminas\laminas-stratigility\src\Next.php(51): Flarum\Http\Middleware\AuthenticateWithSession->process(Object(Laminas\Diactoros\ServerRequest), Object(Laminas\Stratigility\Next))
#36 D:\projectssss\smart software\flarum_app\vendor\flarum\core\src\Http\Middleware\RememberFromCookie.php(52): Laminas\Stratigility\Next->handle(Object(Laminas\Diactoros\ServerRequest))
#37 D:\projectssss\smart software\flarum_app\vendor\laminas\laminas-stratigility\src\Next.php(51): Flarum\Http\Middleware\RememberFromCookie->process(Object(Laminas\Diactoros\ServerRequest), Object(Laminas\Stratigility\Next))
#38 D:\projectssss\smart software\flarum_app\vendor\flarum\core\src\Http\Middleware\StartSession.php(61): Laminas\Stratigility\Next->handle(Object(Laminas\Diactoros\ServerRequest))
#39 D:\projectssss\smart software\flarum_app\vendor\laminas\laminas-stratigility\src\Next.php(51): Flarum\Http\Middleware\StartSession->process(Object(Laminas\Diactoros\ServerRequest), Object(Laminas\Stratigility\Next))
#40 D:\projectssss\smart software\flarum_app\vendor\flarum\core\src\Http\Middleware\CollectGarbage.php(46): Laminas\Stratigility\Next->handle(Object(Laminas\Diactoros\ServerRequest))
#41 D:\projectssss\smart software\flarum_app\vendor\laminas\laminas-stratigility\src\Next.php(51): Flarum\Http\Middleware\CollectGarbage->process(Object(Laminas\Diactoros\ServerRequest), Object(Laminas\Stratigility\Next))
#42 D:\projectssss\smart software\flarum_app\vendor\flarum\core\src\Http\Middleware\ParseJsonBody.php(28): Laminas\Stratigility\Next->handle(Object(Laminas\Diactoros\ServerRequest))
#43 D:\projectssss\smart software\flarum_app\vendor\laminas\laminas-stratigility\src\Next.php(51): Flarum\Http\Middleware\ParseJsonBody->process(Object(Laminas\Diactoros\ServerRequest), Object(Laminas\Stratigility\Next))
#44 D:\projectssss\smart software\flarum_app\vendor\flarum\core\src\Http\Middleware\HandleErrors.php(57): Laminas\Stratigility\Next->handle(Object(Laminas\Diactoros\ServerRequest))
#45 D:\projectssss\smart software\flarum_app\vendor\laminas\laminas-stratigility\src\Next.php(51): Flarum\Http\Middleware\HandleErrors->process(Object(Laminas\Diactoros\ServerRequest), Object(Laminas\Stratigility\Next))
#46 D:\projectssss\smart software\flarum_app\vendor\flarum\core\src\Http\Middleware\InjectActorReference.php(25): Laminas\Stratigility\Next->handle(Object(Laminas\Diactoros\ServerRequest))
#47 D:\projectssss\smart software\flarum_app\vendor\laminas\laminas-stratigility\src\Next.php(51): Flarum\Http\Middleware\InjectActorReference->process(Object(Laminas\Diactoros\ServerRequest), Object(Laminas\Stratigility\Next))
#48 D:\projectssss\smart software\flarum_app\vendor\laminas\laminas-stratigility\src\MiddlewarePipe.php(76): Laminas\Stratigility\Next->handle(Object(Laminas\Diactoros\ServerRequest))
#49 D:\projectssss\smart software\flarum_app\vendor\middlewares\request-handler\src\RequestHandler.php(84): Laminas\Stratigility\MiddlewarePipe->process(Object(Laminas\Diactoros\ServerRequest), Object(Laminas\Stratigility\Next))
#50 D:\projectssss\smart software\flarum_app\vendor\laminas\laminas-stratigility\src\Next.php(51): Middlewares\RequestHandler->process(Object(Laminas\Diactoros\ServerRequest), Object(Laminas\Stratigility\Next))
#51 D:\projectssss\smart software\flarum_app\vendor\middlewares\base-path-router\src\BasePathRouter.php(101): Laminas\Stratigility\Next->handle(Object(Laminas\Diactoros\ServerRequest))
#52 D:\projectssss\smart software\flarum_app\vendor\laminas\laminas-stratigility\src\Next.php(51): Middlewares\BasePathRouter->process(Object(Laminas\Diactoros\ServerRequest), Object(Laminas\Stratigility\Next))
#53 D:\projectssss\smart software\flarum_app\vendor\laminas\laminas-stratigility\src\Middleware\OriginalMessages.php(36): Laminas\Stratigility\Next->handle(Object(Laminas\Diactoros\ServerRequest))
#54 D:\projectssss\smart software\flarum_app\vendor\laminas\laminas-stratigility\src\Next.php(51): Laminas\Stratigility\Middleware\OriginalMessages->process(Object(Laminas\Diactoros\ServerRequest), Object(Laminas\Stratigility\Next))
#55 D:\projectssss\smart software\flarum_app\vendor\middlewares\base-path\src\BasePath.php(73): Laminas\Stratigility\Next->handle(Object(Laminas\Diactoros\ServerRequest))
#56 D:\projectssss\smart software\flarum_app\vendor\laminas\laminas-stratigility\src\Next.php(51): Middlewares\BasePath->process(Object(Laminas\Diactoros\ServerRequest), Object(Laminas\Stratigility\Next))
#57 D:\projectssss\smart software\flarum_app\vendor\flarum\core\src\Http\Middleware\ProcessIp.php(24): Laminas\Stratigility\Next->handle(Object(Laminas\Diactoros\ServerRequest))
#58 D:\projectssss\smart software\flarum_app\vendor\laminas\laminas-stratigility\src\Next.php(51): Flarum\Http\Middleware\ProcessIp->process(Object(Laminas\Diactoros\ServerRequest), Object(Laminas\Stratigility\Next))
#59 D:\projectssss\smart software\flarum_app\vendor\laminas\laminas-stratigility\src\MiddlewarePipe.php(76): Laminas\Stratigility\Next->handle(Object(Laminas\Diactoros\ServerRequest))
#60 D:\projectssss\smart software\flarum_app\vendor\laminas\laminas-stratigility\src\MiddlewarePipe.php(65): Laminas\Stratigility\MiddlewarePipe->process(Object(Laminas\Diactoros\ServerRequest), Object(Laminas\Stratigility\EmptyPipelineHandler))
#61 D:\projectssss\smart software\flarum_app\vendor\laminas\laminas-httphandlerrunner\src\RequestHandlerRunner.php(96): Laminas\Stratigility\MiddlewarePipe->handle(Object(Laminas\Diactoros\ServerRequest))
#62 D:\projectssss\smart software\flarum_app\vendor\flarum\core\src\Http\Server.php(44): Laminas\HttpHandlerRunner\RequestHandlerRunner->run()
#63 D:\projectssss\smart software\flarum_app\public\index.php(26): Flarum\Http\Server->listen()
#64 {main}  
[2021-07-30 10:34:50] flarum.ERROR: GuzzleHttp\Exception\RequestException: cURL error 60: SSL certificate problem: unable to get local issuer certificate (see https://curl.haxx.se/libcurl/c/libcurl-errors.html) for https://test.laragroup.uz/oauth/token in D:\projectssss\smart software\flarum_app\vendor\guzzlehttp\guzzle\src\Handler\CurlFactory.php:211
Stack trace:
#0 D:\projectssss\smart software\flarum_app\vendor\guzzlehttp\guzzle\src\Handler\CurlFactory.php(158): GuzzleHttp\Handler\CurlFactory::createRejection(Object(GuzzleHttp\Handler\EasyHandle), Array)
#1 D:\projectssss\smart software\flarum_app\vendor\guzzlehttp\guzzle\src\Handler\CurlFactory.php(110): GuzzleHttp\Handler\CurlFactory::finishError(Object(GuzzleHttp\Handler\CurlHandler), Object(GuzzleHttp\Handler\EasyHandle), Object(GuzzleHttp\Handler\CurlFactory))
#2 D:\projectssss\smart software\flarum_app\vendor\guzzlehttp\guzzle\src\Handler\CurlHandler.php(47): GuzzleHttp\Handler\CurlFactory::finish(Object(GuzzleHttp\Handler\CurlHandler), Object(GuzzleHttp\Handler\EasyHandle), Object(GuzzleHttp\Handler\CurlFactory))
#3 D:\projectssss\smart software\flarum_app\vendor\guzzlehttp\guzzle\src\Handler\Proxy.php(28): GuzzleHttp\Handler\CurlHandler->__invoke(Object(GuzzleHttp\Psr7\Request), Array)
#4 D:\projectssss\smart software\flarum_app\vendor\guzzlehttp\guzzle\src\Handler\Proxy.php(48): GuzzleHttp\Handler\Proxy::GuzzleHttp\Handler\{closure}(Object(GuzzleHttp\Psr7\Request), Array)
#5 D:\projectssss\smart software\flarum_app\vendor\guzzlehttp\guzzle\src\PrepareBodyMiddleware.php(64): GuzzleHttp\Handler\Proxy::GuzzleHttp\Handler\{closure}(Object(GuzzleHttp\Psr7\Request), Array)
#6 D:\projectssss\smart software\flarum_app\vendor\guzzlehttp\guzzle\src\Middleware.php(31): GuzzleHttp\PrepareBodyMiddleware->__invoke(Object(GuzzleHttp\Psr7\Request), Array)
#7 D:\projectssss\smart software\flarum_app\vendor\guzzlehttp\guzzle\src\RedirectMiddleware.php(71): GuzzleHttp\Middleware::GuzzleHttp\{closure}(Object(GuzzleHttp\Psr7\Request), Array)
#8 D:\projectssss\smart software\flarum_app\vendor\guzzlehttp\guzzle\src\Middleware.php(63): GuzzleHttp\RedirectMiddleware->__invoke(Object(GuzzleHttp\Psr7\Request), Array)
#9 D:\projectssss\smart software\flarum_app\vendor\guzzlehttp\guzzle\src\HandlerStack.php(75): GuzzleHttp\Middleware::GuzzleHttp\{closure}(Object(GuzzleHttp\Psr7\Request), Array)
#10 D:\projectssss\smart software\flarum_app\vendor\guzzlehttp\guzzle\src\Client.php(331): GuzzleHttp\HandlerStack->__invoke(Object(GuzzleHttp\Psr7\Request), Array)
#11 D:\projectssss\smart software\flarum_app\vendor\guzzlehttp\guzzle\src\Client.php(107): GuzzleHttp\Client->transfer(Object(GuzzleHttp\Psr7\Request), Array)
#12 D:\projectssss\smart software\flarum_app\vendor\guzzlehttp\guzzle\src\Client.php(123): GuzzleHttp\Client->sendAsync(Object(GuzzleHttp\Psr7\Request), Array)
#13 D:\projectssss\smart software\flarum_app\vendor\league\oauth2-client\src\Provider\AbstractProvider.php(608): GuzzleHttp\Client->send(Object(GuzzleHttp\Psr7\Request))
#14 D:\projectssss\smart software\flarum_app\vendor\league\oauth2-client\src\Provider\AbstractProvider.php(621): League\OAuth2\Client\Provider\AbstractProvider->getResponse(Object(GuzzleHttp\Psr7\Request))
#15 D:\projectssss\smart software\flarum_app\vendor\league\oauth2-client\src\Provider\AbstractProvider.php(537): League\OAuth2\Client\Provider\AbstractProvider->getParsedResponse(Object(GuzzleHttp\Psr7\Request))
#16 D:\projectssss\smart software\flarum_app\vendor\fof\passport\src\Controllers\PassportController.php(85): League\OAuth2\Client\Provider\AbstractProvider->getAccessToken(Object(League\OAuth2\Client\Grant\AuthorizationCode), Array)
#17 D:\projectssss\smart software\flarum_app\vendor\flarum\core\src\Http\RouteHandlerFactory.php(41): FoF\Passport\Controllers\PassportController->handle(Object(Laminas\Diactoros\ServerRequest))
#18 D:\projectssss\smart software\flarum_app\vendor\flarum\core\src\Http\Middleware\ExecuteRoute.php(27): Flarum\Http\RouteHandlerFactory->Flarum\Http\{closure}(Object(Laminas\Diactoros\ServerRequest), Array)
#19 D:\projectssss\smart software\flarum_app\vendor\laminas\laminas-stratigility\src\Next.php(51): Flarum\Http\Middleware\ExecuteRoute->process(Object(Laminas\Diactoros\ServerRequest), Object(Closure))
#20 D:\projectssss\smart software\flarum_app\vendor\flarum\core\src\Http\Middleware\ContentTypeOptionsHeader.php(21): Laminas\Stratigility\Next->handle(Object(Laminas\Diactoros\ServerRequest))
#21 D:\projectssss\smart software\flarum_app\vendor\laminas\laminas-stratigility\src\Next.php(51): Flarum\Http\Middleware\ContentTypeOptionsHeader->process(Object(Laminas\Diactoros\ServerRequest), Object(Laminas\Stratigility\Next))
#22 D:\projectssss\smart software\flarum_app\vendor\flarum\core\src\Http\Middleware\ReferrerPolicyHeader.php(30): Laminas\Stratigility\Next->handle(Object(Laminas\Diactoros\ServerRequest))
#23 D:\projectssss\smart software\flarum_app\vendor\laminas\laminas-stratigility\src\Next.php(51): Flarum\Http\Middleware\ReferrerPolicyHeader->process(Object(Laminas\Diactoros\ServerRequest), Object(Laminas\Stratigility\Next))
#24 D:\projectssss\smart software\flarum_app\vendor\flarum\core\src\Http\Middleware\FlarumPromotionHeader.php(30): Laminas\Stratigility\Next->handle(Object(Laminas\Diactoros\ServerRequest))
#25 D:\projectssss\smart software\flarum_app\vendor\laminas\laminas-stratigility\src\Next.php(51): Flarum\Http\Middleware\FlarumPromotionHeader->process(Object(Laminas\Diactoros\ServerRequest), Object(Laminas\Stratigility\Next))
#26 D:\projectssss\smart software\flarum_app\vendor\flarum\core\src\Http\Middleware\ShareErrorsFromSession.php(57): Laminas\Stratigility\Next->handle(Object(Laminas\Diactoros\ServerRequest))
#27 D:\projectssss\smart software\flarum_app\vendor\laminas\laminas-stratigility\src\Next.php(51): Flarum\Http\Middleware\ShareErrorsFromSession->process(Object(Laminas\Diactoros\ServerRequest), Object(Laminas\Stratigility\Next))
#28 D:\projectssss\smart software\flarum_app\vendor\flarum\core\src\Http\Middleware\CheckCsrfToken.php(36): Laminas\Stratigility\Next->handle(Object(Laminas\Diactoros\ServerRequest))
#29 D:\projectssss\smart software\flarum_app\vendor\laminas\laminas-stratigility\src\Next.php(51): Flarum\Http\Middleware\CheckCsrfToken->process(Object(Laminas\Diactoros\ServerRequest), Object(Laminas\Stratigility\Next))
#30 D:\projectssss\smart software\flarum_app\vendor\flarum\core\src\Http\Middleware\ResolveRoute.php(67): Laminas\Stratigility\Next->handle(Object(Laminas\Diactoros\ServerRequest))
#31 D:\projectssss\smart software\flarum_app\vendor\laminas\laminas-stratigility\src\Next.php(51): Flarum\Http\Middleware\ResolveRoute->process(Object(Laminas\Diactoros\ServerRequest), Object(Laminas\Stratigility\Next))
#32 D:\projectssss\smart software\flarum_app\vendor\flarum\core\src\Http\Middleware\SetLocale.php(51): Laminas\Stratigility\Next->handle(Object(Laminas\Diactoros\ServerRequest))
#33 D:\projectssss\smart software\flarum_app\vendor\laminas\laminas-stratigility\src\Next.php(51): Flarum\Http\Middleware\SetLocale->process(Object(Laminas\Diactoros\ServerRequest), Object(Laminas\Stratigility\Next))
#34 D:\projectssss\smart software\flarum_app\vendor\flarum\core\src\Http\Middleware\AuthenticateWithSession.php(31): Laminas\Stratigility\Next->handle(Object(Laminas\Diactoros\ServerRequest))
#35 D:\projectssss\smart software\flarum_app\vendor\laminas\laminas-stratigility\src\Next.php(51): Flarum\Http\Middleware\AuthenticateWithSession->process(Object(Laminas\Diactoros\ServerRequest), Object(Laminas\Stratigility\Next))
#36 D:\projectssss\smart software\flarum_app\vendor\flarum\core\src\Http\Middleware\RememberFromCookie.php(52): Laminas\Stratigility\Next->handle(Object(Laminas\Diactoros\ServerRequest))
#37 D:\projectssss\smart software\flarum_app\vendor\laminas\laminas-stratigility\src\Next.php(51): Flarum\Http\Middleware\RememberFromCookie->process(Object(Laminas\Diactoros\ServerRequest), Object(Laminas\Stratigility\Next))
#38 D:\projectssss\smart software\flarum_app\vendor\flarum\core\src\Http\Middleware\StartSession.php(61): Laminas\Stratigility\Next->handle(Object(Laminas\Diactoros\ServerRequest))
#39 D:\projectssss\smart software\flarum_app\vendor\laminas\laminas-stratigility\src\Next.php(51): Flarum\Http\Middleware\StartSession->process(Object(Laminas\Diactoros\ServerRequest), Object(Laminas\Stratigility\Next))
#40 D:\projectssss\smart software\flarum_app\vendor\flarum\core\src\Http\Middleware\CollectGarbage.php(46): Laminas\Stratigility\Next->handle(Object(Laminas\Diactoros\ServerRequest))
#41 D:\projectssss\smart software\flarum_app\vendor\laminas\laminas-stratigility\src\Next.php(51): Flarum\Http\Middleware\CollectGarbage->process(Object(Laminas\Diactoros\ServerRequest), Object(Laminas\Stratigility\Next))
#42 D:\projectssss\smart software\flarum_app\vendor\flarum\core\src\Http\Middleware\ParseJsonBody.php(28): Laminas\Stratigility\Next->handle(Object(Laminas\Diactoros\ServerRequest))
#43 D:\projectssss\smart software\flarum_app\vendor\laminas\laminas-stratigility\src\Next.php(51): Flarum\Http\Middleware\ParseJsonBody->process(Object(Laminas\Diactoros\ServerRequest), Object(Laminas\Stratigility\Next))
#44 D:\projectssss\smart software\flarum_app\vendor\flarum\core\src\Http\Middleware\HandleErrors.php(57): Laminas\Stratigility\Next->handle(Object(Laminas\Diactoros\ServerRequest))
#45 D:\projectssss\smart software\flarum_app\vendor\laminas\laminas-stratigility\src\Next.php(51): Flarum\Http\Middleware\HandleErrors->process(Object(Laminas\Diactoros\ServerRequest), Object(Laminas\Stratigility\Next))
#46 D:\projectssss\smart software\flarum_app\vendor\flarum\core\src\Http\Middleware\InjectActorReference.php(25): Laminas\Stratigility\Next->handle(Object(Laminas\Diactoros\ServerRequest))
#47 D:\projectssss\smart software\flarum_app\vendor\laminas\laminas-stratigility\src\Next.php(51): Flarum\Http\Middleware\InjectActorReference->process(Object(Laminas\Diactoros\ServerRequest), Object(Laminas\Stratigility\Next))
#48 D:\projectssss\smart software\flarum_app\vendor\laminas\laminas-stratigility\src\MiddlewarePipe.php(76): Laminas\Stratigility\Next->handle(Object(Laminas\Diactoros\ServerRequest))
#49 D:\projectssss\smart software\flarum_app\vendor\middlewares\request-handler\src\RequestHandler.php(84): Laminas\Stratigility\MiddlewarePipe->process(Object(Laminas\Diactoros\ServerRequest), Object(Laminas\Stratigility\Next))
#50 D:\projectssss\smart software\flarum_app\vendor\laminas\laminas-stratigility\src\Next.php(51): Middlewares\RequestHandler->process(Object(Laminas\Diactoros\ServerRequest), Object(Laminas\Stratigility\Next))
#51 D:\projectssss\smart software\flarum_app\vendor\middlewares\base-path-router\src\BasePathRouter.php(101): Laminas\Stratigility\Next->handle(Object(Laminas\Diactoros\ServerRequest))
#52 D:\projectssss\smart software\flarum_app\vendor\laminas\laminas-stratigility\src\Next.php(51): Middlewares\BasePathRouter->process(Object(Laminas\Diactoros\ServerRequest), Object(Laminas\Stratigility\Next))
#53 D:\projectssss\smart software\flarum_app\vendor\laminas\laminas-stratigility\src\Middleware\OriginalMessages.php(36): Laminas\Stratigility\Next->handle(Object(Laminas\Diactoros\ServerRequest))
#54 D:\projectssss\smart software\flarum_app\vendor\laminas\laminas-stratigility\src\Next.php(51): Laminas\Stratigility\Middleware\OriginalMessages->process(Object(Laminas\Diactoros\ServerRequest), Object(Laminas\Stratigility\Next))
#55 D:\projectssss\smart software\flarum_app\vendor\middlewares\base-path\src\BasePath.php(73): Laminas\Stratigility\Next->handle(Object(Laminas\Diactoros\ServerRequest))
#56 D:\projectssss\smart software\flarum_app\vendor\laminas\laminas-stratigility\src\Next.php(51): Middlewares\BasePath->process(Object(Laminas\Diactoros\ServerRequest), Object(Laminas\Stratigility\Next))
#57 D:\projectssss\smart software\flarum_app\vendor\flarum\core\src\Http\Middleware\ProcessIp.php(24): Laminas\Stratigility\Next->handle(Object(Laminas\Diactoros\ServerRequest))
#58 D:\projectssss\smart software\flarum_app\vendor\laminas\laminas-stratigility\src\Next.php(51): Flarum\Http\Middleware\ProcessIp->process(Object(Laminas\Diactoros\ServerRequest), Object(Laminas\Stratigility\Next))
#59 D:\projectssss\smart software\flarum_app\vendor\laminas\laminas-stratigility\src\MiddlewarePipe.php(76): Laminas\Stratigility\Next->handle(Object(Laminas\Diactoros\ServerRequest))
#60 D:\projectssss\smart software\flarum_app\vendor\laminas\laminas-stratigility\src\MiddlewarePipe.php(65): Laminas\Stratigility\MiddlewarePipe->process(Object(Laminas\Diactoros\ServerRequest), Object(Laminas\Stratigility\EmptyPipelineHandler))
#61 D:\projectssss\smart software\flarum_app\vendor\laminas\laminas-httphandlerrunner\src\RequestHandlerRunner.php(96): Laminas\Stratigility\MiddlewarePipe->handle(Object(Laminas\Diactoros\ServerRequest))
#62 D:\projectssss\smart software\flarum_app\vendor\flarum\core\src\Http\Server.php(44): Laminas\HttpHandlerRunner\RequestHandlerRunner->run()
#63 D:\projectssss\smart software\flarum_app\public\index.php(26): Flarum\Http\Server->listen()
#64 {main}  
[2021-07-30 10:58:25] flarum.ERROR: GuzzleHttp\Exception\RequestException: cURL error 60: SSL certificate problem: unable to get local issuer certificate (see https://curl.haxx.se/libcurl/c/libcurl-errors.html) for https://test.laragroup.uz/oauth/token in D:\projectssss\smart software\flarum_app\vendor\guzzlehttp\guzzle\src\Handler\CurlFactory.php:211
Stack trace:
#0 D:\projectssss\smart software\flarum_app\vendor\guzzlehttp\guzzle\src\Handler\CurlFactory.php(158): GuzzleHttp\Handler\CurlFactory::createRejection(Object(GuzzleHttp\Handler\EasyHandle), Array)
#1 D:\projectssss\smart software\flarum_app\vendor\guzzlehttp\guzzle\src\Handler\CurlFactory.php(110): GuzzleHttp\Handler\CurlFactory::finishError(Object(GuzzleHttp\Handler\CurlHandler), Object(GuzzleHttp\Handler\EasyHandle), Object(GuzzleHttp\Handler\CurlFactory))
#2 D:\projectssss\smart software\flarum_app\vendor\guzzlehttp\guzzle\src\Handler\CurlHandler.php(47): GuzzleHttp\Handler\CurlFactory::finish(Object(GuzzleHttp\Handler\CurlHandler), Object(GuzzleHttp\Handler\EasyHandle), Object(GuzzleHttp\Handler\CurlFactory))
#3 D:\projectssss\smart software\flarum_app\vendor\guzzlehttp\guzzle\src\Handler\Proxy.php(28): GuzzleHttp\Handler\CurlHandler->__invoke(Object(GuzzleHttp\Psr7\Request), Array)
#4 D:\projectssss\smart software\flarum_app\vendor\guzzlehttp\guzzle\src\Handler\Proxy.php(48): GuzzleHttp\Handler\Proxy::GuzzleHttp\Handler\{closure}(Object(GuzzleHttp\Psr7\Request), Array)
#5 D:\projectssss\smart software\flarum_app\vendor\guzzlehttp\guzzle\src\PrepareBodyMiddleware.php(64): GuzzleHttp\Handler\Proxy::GuzzleHttp\Handler\{closure}(Object(GuzzleHttp\Psr7\Request), Array)
#6 D:\projectssss\smart software\flarum_app\vendor\guzzlehttp\guzzle\src\Middleware.php(31): GuzzleHttp\PrepareBodyMiddleware->__invoke(Object(GuzzleHttp\Psr7\Request), Array)
#7 D:\projectssss\smart software\flarum_app\vendor\guzzlehttp\guzzle\src\RedirectMiddleware.php(71): GuzzleHttp\Middleware::GuzzleHttp\{closure}(Object(GuzzleHttp\Psr7\Request), Array)
#8 D:\projectssss\smart software\flarum_app\vendor\guzzlehttp\guzzle\src\Middleware.php(63): GuzzleHttp\RedirectMiddleware->__invoke(Object(GuzzleHttp\Psr7\Request), Array)
#9 D:\projectssss\smart software\flarum_app\vendor\guzzlehttp\guzzle\src\HandlerStack.php(75): GuzzleHttp\Middleware::GuzzleHttp\{closure}(Object(GuzzleHttp\Psr7\Request), Array)
#10 D:\projectssss\smart software\flarum_app\vendor\guzzlehttp\guzzle\src\Client.php(331): GuzzleHttp\HandlerStack->__invoke(Object(GuzzleHttp\Psr7\Request), Array)
#11 D:\projectssss\smart software\flarum_app\vendor\guzzlehttp\guzzle\src\Client.php(107): GuzzleHttp\Client->transfer(Object(GuzzleHttp\Psr7\Request), Array)
#12 D:\projectssss\smart software\flarum_app\vendor\guzzlehttp\guzzle\src\Client.php(123): GuzzleHttp\Client->sendAsync(Object(GuzzleHttp\Psr7\Request), Array)
#13 D:\projectssss\smart software\flarum_app\vendor\league\oauth2-client\src\Provider\AbstractProvider.php(608): GuzzleHttp\Client->send(Object(GuzzleHttp\Psr7\Request))
#14 D:\projectssss\smart software\flarum_app\vendor\league\oauth2-client\src\Provider\AbstractProvider.php(621): League\OAuth2\Client\Provider\AbstractProvider->getResponse(Object(GuzzleHttp\Psr7\Request))
#15 D:\projectssss\smart software\flarum_app\vendor\league\oauth2-client\src\Provider\AbstractProvider.php(537): League\OAuth2\Client\Provider\AbstractProvider->getParsedResponse(Object(GuzzleHttp\Psr7\Request))
#16 D:\projectssss\smart software\flarum_app\vendor\fof\passport\src\Controllers\PassportController.php(85): League\OAuth2\Client\Provider\AbstractProvider->getAccessToken(Object(League\OAuth2\Client\Grant\AuthorizationCode), Array)
#17 D:\projectssss\smart software\flarum_app\vendor\flarum\core\src\Http\RouteHandlerFactory.php(41): FoF\Passport\Controllers\PassportController->handle(Object(Laminas\Diactoros\ServerRequest))
#18 D:\projectssss\smart software\flarum_app\vendor\flarum\core\src\Http\Middleware\ExecuteRoute.php(27): Flarum\Http\RouteHandlerFactory->Flarum\Http\{closure}(Object(Laminas\Diactoros\ServerRequest), Array)
#19 D:\projectssss\smart software\flarum_app\vendor\laminas\laminas-stratigility\src\Next.php(51): Flarum\Http\Middleware\ExecuteRoute->process(Object(Laminas\Diactoros\ServerRequest), Object(Closure))
#20 D:\projectssss\smart software\flarum_app\vendor\flarum\core\src\Http\Middleware\ContentTypeOptionsHeader.php(21): Laminas\Stratigility\Next->handle(Object(Laminas\Diactoros\ServerRequest))
#21 D:\projectssss\smart software\flarum_app\vendor\laminas\laminas-stratigility\src\Next.php(51): Flarum\Http\Middleware\ContentTypeOptionsHeader->process(Object(Laminas\Diactoros\ServerRequest), Object(Laminas\Stratigility\Next))
#22 D:\projectssss\smart software\flarum_app\vendor\flarum\core\src\Http\Middleware\ReferrerPolicyHeader.php(30): Laminas\Stratigility\Next->handle(Object(Laminas\Diactoros\ServerRequest))
#23 D:\projectssss\smart software\flarum_app\vendor\laminas\laminas-stratigility\src\Next.php(51): Flarum\Http\Middleware\ReferrerPolicyHeader->process(Object(Laminas\Diactoros\ServerRequest), Object(Laminas\Stratigility\Next))
#24 D:\projectssss\smart software\flarum_app\vendor\flarum\core\src\Http\Middleware\FlarumPromotionHeader.php(30): Laminas\Stratigility\Next->handle(Object(Laminas\Diactoros\ServerRequest))
#25 D:\projectssss\smart software\flarum_app\vendor\laminas\laminas-stratigility\src\Next.php(51): Flarum\Http\Middleware\FlarumPromotionHeader->process(Object(Laminas\Diactoros\ServerRequest), Object(Laminas\Stratigility\Next))
#26 D:\projectssss\smart software\flarum_app\vendor\flarum\core\src\Http\Middleware\ShareErrorsFromSession.php(57): Laminas\Stratigility\Next->handle(Object(Laminas\Diactoros\ServerRequest))
#27 D:\projectssss\smart software\flarum_app\vendor\laminas\laminas-stratigility\src\Next.php(51): Flarum\Http\Middleware\ShareErrorsFromSession->process(Object(Laminas\Diactoros\ServerRequest), Object(Laminas\Stratigility\Next))
#28 D:\projectssss\smart software\flarum_app\vendor\flarum\core\src\Http\Middleware\CheckCsrfToken.php(36): Laminas\Stratigility\Next->handle(Object(Laminas\Diactoros\ServerRequest))
#29 D:\projectssss\smart software\flarum_app\vendor\laminas\laminas-stratigility\src\Next.php(51): Flarum\Http\Middleware\CheckCsrfToken->process(Object(Laminas\Diactoros\ServerRequest), Object(Laminas\Stratigility\Next))
#30 D:\projectssss\smart software\flarum_app\vendor\flarum\core\src\Http\Middleware\ResolveRoute.php(67): Laminas\Stratigility\Next->handle(Object(Laminas\Diactoros\ServerRequest))
#31 D:\projectssss\smart software\flarum_app\vendor\laminas\laminas-stratigility\src\Next.php(51): Flarum\Http\Middleware\ResolveRoute->process(Object(Laminas\Diactoros\ServerRequest), Object(Laminas\Stratigility\Next))
#32 D:\projectssss\smart software\flarum_app\vendor\flarum\core\src\Http\Middleware\SetLocale.php(51): Laminas\Stratigility\Next->handle(Object(Laminas\Diactoros\ServerRequest))
#33 D:\projectssss\smart software\flarum_app\vendor\laminas\laminas-stratigility\src\Next.php(51): Flarum\Http\Middleware\SetLocale->process(Object(Laminas\Diactoros\ServerRequest), Object(Laminas\Stratigility\Next))
#34 D:\projectssss\smart software\flarum_app\vendor\flarum\core\src\Http\Middleware\AuthenticateWithSession.php(31): Laminas\Stratigility\Next->handle(Object(Laminas\Diactoros\ServerRequest))
#35 D:\projectssss\smart software\flarum_app\vendor\laminas\laminas-stratigility\src\Next.php(51): Flarum\Http\Middleware\AuthenticateWithSession->process(Object(Laminas\Diactoros\ServerRequest), Object(Laminas\Stratigility\Next))
#36 D:\projectssss\smart software\flarum_app\vendor\flarum\core\src\Http\Middleware\RememberFromCookie.php(52): Laminas\Stratigility\Next->handle(Object(Laminas\Diactoros\ServerRequest))
#37 D:\projectssss\smart software\flarum_app\vendor\laminas\laminas-stratigility\src\Next.php(51): Flarum\Http\Middleware\RememberFromCookie->process(Object(Laminas\Diactoros\ServerRequest), Object(Laminas\Stratigility\Next))
#38 D:\projectssss\smart software\flarum_app\vendor\flarum\core\src\Http\Middleware\StartSession.php(61): Laminas\Stratigility\Next->handle(Object(Laminas\Diactoros\ServerRequest))
#39 D:\projectssss\smart software\flarum_app\vendor\laminas\laminas-stratigility\src\Next.php(51): Flarum\Http\Middleware\StartSession->process(Object(Laminas\Diactoros\ServerRequest), Object(Laminas\Stratigility\Next))
#40 D:\projectssss\smart software\flarum_app\vendor\flarum\core\src\Http\Middleware\CollectGarbage.php(46): Laminas\Stratigility\Next->handle(Object(Laminas\Diactoros\ServerRequest))
#41 D:\projectssss\smart software\flarum_app\vendor\laminas\laminas-stratigility\src\Next.php(51): Flarum\Http\Middleware\CollectGarbage->process(Object(Laminas\Diactoros\ServerRequest), Object(Laminas\Stratigility\Next))
#42 D:\projectssss\smart software\flarum_app\vendor\flarum\core\src\Http\Middleware\ParseJsonBody.php(28): Laminas\Stratigility\Next->handle(Object(Laminas\Diactoros\ServerRequest))
#43 D:\projectssss\smart software\flarum_app\vendor\laminas\laminas-stratigility\src\Next.php(51): Flarum\Http\Middleware\ParseJsonBody->process(Object(Laminas\Diactoros\ServerRequest), Object(Laminas\Stratigility\Next))
#44 D:\projectssss\smart software\flarum_app\vendor\flarum\core\src\Http\Middleware\HandleErrors.php(57): Laminas\Stratigility\Next->handle(Object(Laminas\Diactoros\ServerRequest))
#45 D:\projectssss\smart software\flarum_app\vendor\laminas\laminas-stratigility\src\Next.php(51): Flarum\Http\Middleware\HandleErrors->process(Object(Laminas\Diactoros\ServerRequest), Object(Laminas\Stratigility\Next))
#46 D:\projectssss\smart software\flarum_app\vendor\flarum\core\src\Http\Middleware\InjectActorReference.php(25): Laminas\Stratigility\Next->handle(Object(Laminas\Diactoros\ServerRequest))
#47 D:\projectssss\smart software\flarum_app\vendor\laminas\laminas-stratigility\src\Next.php(51): Flarum\Http\Middleware\InjectActorReference->process(Object(Laminas\Diactoros\ServerRequest), Object(Laminas\Stratigility\Next))
#48 D:\projectssss\smart software\flarum_app\vendor\laminas\laminas-stratigility\src\MiddlewarePipe.php(76): Laminas\Stratigility\Next->handle(Object(Laminas\Diactoros\ServerRequest))
#49 D:\projectssss\smart software\flarum_app\vendor\middlewares\request-handler\src\RequestHandler.php(84): Laminas\Stratigility\MiddlewarePipe->process(Object(Laminas\Diactoros\ServerRequest), Object(Laminas\Stratigility\Next))
#50 D:\projectssss\smart software\flarum_app\vendor\laminas\laminas-stratigility\src\Next.php(51): Middlewares\RequestHandler->process(Object(Laminas\Diactoros\ServerRequest), Object(Laminas\Stratigility\Next))
#51 D:\projectssss\smart software\flarum_app\vendor\middlewares\base-path-router\src\BasePathRouter.php(101): Laminas\Stratigility\Next->handle(Object(Laminas\Diactoros\ServerRequest))
#52 D:\projectssss\smart software\flarum_app\vendor\laminas\laminas-stratigility\src\Next.php(51): Middlewares\BasePathRouter->process(Object(Laminas\Diactoros\ServerRequest), Object(Laminas\Stratigility\Next))
#53 D:\projectssss\smart software\flarum_app\vendor\laminas\laminas-stratigility\src\Middleware\OriginalMessages.php(36): Laminas\Stratigility\Next->handle(Object(Laminas\Diactoros\ServerRequest))
#54 D:\projectssss\smart software\flarum_app\vendor\laminas\laminas-stratigility\src\Next.php(51): Laminas\Stratigility\Middleware\OriginalMessages->process(Object(Laminas\Diactoros\ServerRequest), Object(Laminas\Stratigility\Next))
#55 D:\projectssss\smart software\flarum_app\vendor\middlewares\base-path\src\BasePath.php(73): Laminas\Stratigility\Next->handle(Object(Laminas\Diactoros\ServerRequest))
#56 D:\projectssss\smart software\flarum_app\vendor\laminas\laminas-stratigility\src\Next.php(51): Middlewares\BasePath->process(Object(Laminas\Diactoros\ServerRequest), Object(Laminas\Stratigility\Next))
#57 D:\projectssss\smart software\flarum_app\vendor\flarum\core\src\Http\Middleware\ProcessIp.php(24): Laminas\Stratigility\Next->handle(Object(Laminas\Diactoros\ServerRequest))
#58 D:\projectssss\smart software\flarum_app\vendor\laminas\laminas-stratigility\src\Next.php(51): Flarum\Http\Middleware\ProcessIp->process(Object(Laminas\Diactoros\ServerRequest), Object(Laminas\Stratigility\Next))
#59 D:\projectssss\smart software\flarum_app\vendor\laminas\laminas-stratigility\src\MiddlewarePipe.php(76): Laminas\Stratigility\Next->handle(Object(Laminas\Diactoros\ServerRequest))
#60 D:\projectssss\smart software\flarum_app\vendor\laminas\laminas-stratigility\src\MiddlewarePipe.php(65): Laminas\Stratigility\MiddlewarePipe->process(Object(Laminas\Diactoros\ServerRequest), Object(Laminas\Stratigility\EmptyPipelineHandler))
#61 D:\projectssss\smart software\flarum_app\vendor\laminas\laminas-httphandlerrunner\src\RequestHandlerRunner.php(96): Laminas\Stratigility\MiddlewarePipe->handle(Object(Laminas\Diactoros\ServerRequest))
#62 D:\projectssss\smart software\flarum_app\vendor\flarum\core\src\Http\Server.php(44): Laminas\HttpHandlerRunner\RequestHandlerRunner->run()
#63 D:\projectssss\smart software\flarum_app\public\index.php(26): Flarum\Http\Server->listen()
#64 {main}  
[2021-07-30 11:13:59] flarum.ERROR: GuzzleHttp\Exception\RequestException: cURL error 60: SSL certificate problem: unable to get local issuer certificate (see https://curl.haxx.se/libcurl/c/libcurl-errors.html) for https://test.laragroup.uz/oauth/token in D:\projectssss\smart software\flarum_app\vendor\guzzlehttp\guzzle\src\Handler\CurlFactory.php:211
Stack trace:
#0 D:\projectssss\smart software\flarum_app\vendor\guzzlehttp\guzzle\src\Handler\CurlFactory.php(158): GuzzleHttp\Handler\CurlFactory::createRejection(Object(GuzzleHttp\Handler\EasyHandle), Array)
#1 D:\projectssss\smart software\flarum_app\vendor\guzzlehttp\guzzle\src\Handler\CurlFactory.php(110): GuzzleHttp\Handler\CurlFactory::finishError(Object(GuzzleHttp\Handler\CurlHandler), Object(GuzzleHttp\Handler\EasyHandle), Object(GuzzleHttp\Handler\CurlFactory))
#2 D:\projectssss\smart software\flarum_app\vendor\guzzlehttp\guzzle\src\Handler\CurlHandler.php(47): GuzzleHttp\Handler\CurlFactory::finish(Object(GuzzleHttp\Handler\CurlHandler), Object(GuzzleHttp\Handler\EasyHandle), Object(GuzzleHttp\Handler\CurlFactory))
#3 D:\projectssss\smart software\flarum_app\vendor\guzzlehttp\guzzle\src\Handler\Proxy.php(28): GuzzleHttp\Handler\CurlHandler->__invoke(Object(GuzzleHttp\Psr7\Request), Array)
#4 D:\projectssss\smart software\flarum_app\vendor\guzzlehttp\guzzle\src\Handler\Proxy.php(48): GuzzleHttp\Handler\Proxy::GuzzleHttp\Handler\{closure}(Object(GuzzleHttp\Psr7\Request), Array)
#5 D:\projectssss\smart software\flarum_app\vendor\guzzlehttp\guzzle\src\PrepareBodyMiddleware.php(64): GuzzleHttp\Handler\Proxy::GuzzleHttp\Handler\{closure}(Object(GuzzleHttp\Psr7\Request), Array)
#6 D:\projectssss\smart software\flarum_app\vendor\guzzlehttp\guzzle\src\Middleware.php(31): GuzzleHttp\PrepareBodyMiddleware->__invoke(Object(GuzzleHttp\Psr7\Request), Array)
#7 D:\projectssss\smart software\flarum_app\vendor\guzzlehttp\guzzle\src\RedirectMiddleware.php(71): GuzzleHttp\Middleware::GuzzleHttp\{closure}(Object(GuzzleHttp\Psr7\Request), Array)
#8 D:\projectssss\smart software\flarum_app\vendor\guzzlehttp\guzzle\src\Middleware.php(63): GuzzleHttp\RedirectMiddleware->__invoke(Object(GuzzleHttp\Psr7\Request), Array)
#9 D:\projectssss\smart software\flarum_app\vendor\guzzlehttp\guzzle\src\HandlerStack.php(75): GuzzleHttp\Middleware::GuzzleHttp\{closure}(Object(GuzzleHttp\Psr7\Request), Array)
#10 D:\projectssss\smart software\flarum_app\vendor\guzzlehttp\guzzle\src\Client.php(331): GuzzleHttp\HandlerStack->__invoke(Object(GuzzleHttp\Psr7\Request), Array)
#11 D:\projectssss\smart software\flarum_app\vendor\guzzlehttp\guzzle\src\Client.php(107): GuzzleHttp\Client->transfer(Object(GuzzleHttp\Psr7\Request), Array)
#12 D:\projectssss\smart software\flarum_app\vendor\guzzlehttp\guzzle\src\Client.php(123): GuzzleHttp\Client->sendAsync(Object(GuzzleHttp\Psr7\Request), Array)
#13 D:\projectssss\smart software\flarum_app\vendor\league\oauth2-client\src\Provider\AbstractProvider.php(608): GuzzleHttp\Client->send(Object(GuzzleHttp\Psr7\Request))
#14 D:\projectssss\smart software\flarum_app\vendor\league\oauth2-client\src\Provider\AbstractProvider.php(621): League\OAuth2\Client\Provider\AbstractProvider->getResponse(Object(GuzzleHttp\Psr7\Request))
#15 D:\projectssss\smart software\flarum_app\vendor\league\oauth2-client\src\Provider\AbstractProvider.php(537): League\OAuth2\Client\Provider\AbstractProvider->getParsedResponse(Object(GuzzleHttp\Psr7\Request))
#16 D:\projectssss\smart software\flarum_app\vendor\fof\passport\src\Controllers\PassportController.php(85): League\OAuth2\Client\Provider\AbstractProvider->getAccessToken(Object(League\OAuth2\Client\Grant\AuthorizationCode), Array)
#17 D:\projectssss\smart software\flarum_app\vendor\flarum\core\src\Http\RouteHandlerFactory.php(41): FoF\Passport\Controllers\PassportController->handle(Object(Laminas\Diactoros\ServerRequest))
#18 D:\projectssss\smart software\flarum_app\vendor\flarum\core\src\Http\Middleware\ExecuteRoute.php(27): Flarum\Http\RouteHandlerFactory->Flarum\Http\{closure}(Object(Laminas\Diactoros\ServerRequest), Array)
#19 D:\projectssss\smart software\flarum_app\vendor\laminas\laminas-stratigility\src\Next.php(51): Flarum\Http\Middleware\ExecuteRoute->process(Object(Laminas\Diactoros\ServerRequest), Object(Closure))
#20 D:\projectssss\smart software\flarum_app\vendor\flarum\core\src\Http\Middleware\ContentTypeOptionsHeader.php(21): Laminas\Stratigility\Next->handle(Object(Laminas\Diactoros\ServerRequest))
#21 D:\projectssss\smart software\flarum_app\vendor\laminas\laminas-stratigility\src\Next.php(51): Flarum\Http\Middleware\ContentTypeOptionsHeader->process(Object(Laminas\Diactoros\ServerRequest), Object(Laminas\Stratigility\Next))
#22 D:\projectssss\smart software\flarum_app\vendor\flarum\core\src\Http\Middleware\ReferrerPolicyHeader.php(30): Laminas\Stratigility\Next->handle(Object(Laminas\Diactoros\ServerRequest))
#23 D:\projectssss\smart software\flarum_app\vendor\laminas\laminas-stratigility\src\Next.php(51): Flarum\Http\Middleware\ReferrerPolicyHeader->process(Object(Laminas\Diactoros\ServerRequest), Object(Laminas\Stratigility\Next))
#24 D:\projectssss\smart software\flarum_app\vendor\flarum\core\src\Http\Middleware\FlarumPromotionHeader.php(30): Laminas\Stratigility\Next->handle(Object(Laminas\Diactoros\ServerRequest))
#25 D:\projectssss\smart software\flarum_app\vendor\laminas\laminas-stratigility\src\Next.php(51): Flarum\Http\Middleware\FlarumPromotionHeader->process(Object(Laminas\Diactoros\ServerRequest), Object(Laminas\Stratigility\Next))
#26 D:\projectssss\smart software\flarum_app\vendor\flarum\core\src\Http\Middleware\ShareErrorsFromSession.php(57): Laminas\Stratigility\Next->handle(Object(Laminas\Diactoros\ServerRequest))
#27 D:\projectssss\smart software\flarum_app\vendor\laminas\laminas-stratigility\src\Next.php(51): Flarum\Http\Middleware\ShareErrorsFromSession->process(Object(Laminas\Diactoros\ServerRequest), Object(Laminas\Stratigility\Next))
#28 D:\projectssss\smart software\flarum_app\vendor\flarum\core\src\Http\Middleware\CheckCsrfToken.php(36): Laminas\Stratigility\Next->handle(Object(Laminas\Diactoros\ServerRequest))
#29 D:\projectssss\smart software\flarum_app\vendor\laminas\laminas-stratigility\src\Next.php(51): Flarum\Http\Middleware\CheckCsrfToken->process(Object(Laminas\Diactoros\ServerRequest), Object(Laminas\Stratigility\Next))
#30 D:\projectssss\smart software\flarum_app\vendor\flarum\core\src\Http\Middleware\ResolveRoute.php(67): Laminas\Stratigility\Next->handle(Object(Laminas\Diactoros\ServerRequest))
#31 D:\projectssss\smart software\flarum_app\vendor\laminas\laminas-stratigility\src\Next.php(51): Flarum\Http\Middleware\ResolveRoute->process(Object(Laminas\Diactoros\ServerRequest), Object(Laminas\Stratigility\Next))
#32 D:\projectssss\smart software\flarum_app\vendor\flarum\core\src\Http\Middleware\SetLocale.php(51): Laminas\Stratigility\Next->handle(Object(Laminas\Diactoros\ServerRequest))
#33 D:\projectssss\smart software\flarum_app\vendor\laminas\laminas-stratigility\src\Next.php(51): Flarum\Http\Middleware\SetLocale->process(Object(Laminas\Diactoros\ServerRequest), Object(Laminas\Stratigility\Next))
#34 D:\projectssss\smart software\flarum_app\vendor\flarum\core\src\Http\Middleware\AuthenticateWithSession.php(31): Laminas\Stratigility\Next->handle(Object(Laminas\Diactoros\ServerRequest))
#35 D:\projectssss\smart software\flarum_app\vendor\laminas\laminas-stratigility\src\Next.php(51): Flarum\Http\Middleware\AuthenticateWithSession->process(Object(Laminas\Diactoros\ServerRequest), Object(Laminas\Stratigility\Next))
#36 D:\projectssss\smart software\flarum_app\vendor\flarum\core\src\Http\Middleware\RememberFromCookie.php(52): Laminas\Stratigility\Next->handle(Object(Laminas\Diactoros\ServerRequest))
#37 D:\projectssss\smart software\flarum_app\vendor\laminas\laminas-stratigility\src\Next.php(51): Flarum\Http\Middleware\RememberFromCookie->process(Object(Laminas\Diactoros\ServerRequest), Object(Laminas\Stratigility\Next))
#38 D:\projectssss\smart software\flarum_app\vendor\flarum\core\src\Http\Middleware\StartSession.php(61): Laminas\Stratigility\Next->handle(Object(Laminas\Diactoros\ServerRequest))
#39 D:\projectssss\smart software\flarum_app\vendor\laminas\laminas-stratigility\src\Next.php(51): Flarum\Http\Middleware\StartSession->process(Object(Laminas\Diactoros\ServerRequest), Object(Laminas\Stratigility\Next))
#40 D:\projectssss\smart software\flarum_app\vendor\flarum\core\src\Http\Middleware\CollectGarbage.php(46): Laminas\Stratigility\Next->handle(Object(Laminas\Diactoros\ServerRequest))
#41 D:\projectssss\smart software\flarum_app\vendor\laminas\laminas-stratigility\src\Next.php(51): Flarum\Http\Middleware\CollectGarbage->process(Object(Laminas\Diactoros\ServerRequest), Object(Laminas\Stratigility\Next))
#42 D:\projectssss\smart software\flarum_app\vendor\flarum\core\src\Http\Middleware\ParseJsonBody.php(28): Laminas\Stratigility\Next->handle(Object(Laminas\Diactoros\ServerRequest))
#43 D:\projectssss\smart software\flarum_app\vendor\laminas\laminas-stratigility\src\Next.php(51): Flarum\Http\Middleware\ParseJsonBody->process(Object(Laminas\Diactoros\ServerRequest), Object(Laminas\Stratigility\Next))
#44 D:\projectssss\smart software\flarum_app\vendor\flarum\core\src\Http\Middleware\HandleErrors.php(57): Laminas\Stratigility\Next->handle(Object(Laminas\Diactoros\ServerRequest))
#45 D:\projectssss\smart software\flarum_app\vendor\laminas\laminas-stratigility\src\Next.php(51): Flarum\Http\Middleware\HandleErrors->process(Object(Laminas\Diactoros\ServerRequest), Object(Laminas\Stratigility\Next))
#46 D:\projectssss\smart software\flarum_app\vendor\flarum\core\src\Http\Middleware\InjectActorReference.php(25): Laminas\Stratigility\Next->handle(Object(Laminas\Diactoros\ServerRequest))
#47 D:\projectssss\smart software\flarum_app\vendor\laminas\laminas-stratigility\src\Next.php(51): Flarum\Http\Middleware\InjectActorReference->process(Object(Laminas\Diactoros\ServerRequest), Object(Laminas\Stratigility\Next))
#48 D:\projectssss\smart software\flarum_app\vendor\laminas\laminas-stratigility\src\MiddlewarePipe.php(76): Laminas\Stratigility\Next->handle(Object(Laminas\Diactoros\ServerRequest))
#49 D:\projectssss\smart software\flarum_app\vendor\middlewares\request-handler\src\RequestHandler.php(84): Laminas\Stratigility\MiddlewarePipe->process(Object(Laminas\Diactoros\ServerRequest), Object(Laminas\Stratigility\Next))
#50 D:\projectssss\smart software\flarum_app\vendor\laminas\laminas-stratigility\src\Next.php(51): Middlewares\RequestHandler->process(Object(Laminas\Diactoros\ServerRequest), Object(Laminas\Stratigility\Next))
#51 D:\projectssss\smart software\flarum_app\vendor\middlewares\base-path-router\src\BasePathRouter.php(101): Laminas\Stratigility\Next->handle(Object(Laminas\Diactoros\ServerRequest))
#52 D:\projectssss\smart software\flarum_app\vendor\laminas\laminas-stratigility\src\Next.php(51): Middlewares\BasePathRouter->process(Object(Laminas\Diactoros\ServerRequest), Object(Laminas\Stratigility\Next))
#53 D:\projectssss\smart software\flarum_app\vendor\laminas\laminas-stratigility\src\Middleware\OriginalMessages.php(36): Laminas\Stratigility\Next->handle(Object(Laminas\Diactoros\ServerRequest))
#54 D:\projectssss\smart software\flarum_app\vendor\laminas\laminas-stratigility\src\Next.php(51): Laminas\Stratigility\Middleware\OriginalMessages->process(Object(Laminas\Diactoros\ServerRequest), Object(Laminas\Stratigility\Next))
#55 D:\projectssss\smart software\flarum_app\vendor\middlewares\base-path\src\BasePath.php(73): Laminas\Stratigility\Next->handle(Object(Laminas\Diactoros\ServerRequest))
#56 D:\projectssss\smart software\flarum_app\vendor\laminas\laminas-stratigility\src\Next.php(51): Middlewares\BasePath->process(Object(Laminas\Diactoros\ServerRequest), Object(Laminas\Stratigility\Next))
#57 D:\projectssss\smart software\flarum_app\vendor\flarum\core\src\Http\Middleware\ProcessIp.php(24): Laminas\Stratigility\Next->handle(Object(Laminas\Diactoros\ServerRequest))
#58 D:\projectssss\smart software\flarum_app\vendor\laminas\laminas-stratigility\src\Next.php(51): Flarum\Http\Middleware\ProcessIp->process(Object(Laminas\Diactoros\ServerRequest), Object(Laminas\Stratigility\Next))
#59 D:\projectssss\smart software\flarum_app\vendor\laminas\laminas-stratigility\src\MiddlewarePipe.php(76): Laminas\Stratigility\Next->handle(Object(Laminas\Diactoros\ServerRequest))
#60 D:\projectssss\smart software\flarum_app\vendor\laminas\laminas-stratigility\src\MiddlewarePipe.php(65): Laminas\Stratigility\MiddlewarePipe->process(Object(Laminas\Diactoros\ServerRequest), Object(Laminas\Stratigility\EmptyPipelineHandler))
#61 D:\projectssss\smart software\flarum_app\vendor\laminas\laminas-httphandlerrunner\src\RequestHandlerRunner.php(96): Laminas\Stratigility\MiddlewarePipe->handle(Object(Laminas\Diactoros\ServerRequest))
#62 D:\projectssss\smart software\flarum_app\vendor\flarum\core\src\Http\Server.php(44): Laminas\HttpHandlerRunner\RequestHandlerRunner->run()
#63 D:\projectssss\smart software\flarum_app\public\index.php(26): Flarum\Http\Server->listen()
#64 {main}  
